[0.009s] Invoking command in '/home/ros2_ws/build/manipulator3': CMAKE_PREFIX_PATH=/opt/ros/humble /usr/bin/cmake /home/ros2_ws/src/manipulator3 -DCMAKE_INSTALL_PREFIX=/home/ros2_ws/install/manipulator3
[0.052s] -- The C compiler identification is GNU 11.4.0
[0.093s] -- The CXX compiler identification is GNU 11.4.0
[0.098s] -- Detecting C compiler ABI info
[0.152s] -- Detecting C compiler ABI info - done
[0.160s] -- Check for working C compiler: /usr/bin/cc - skipped
[0.160s] -- Detecting C compile features
[0.161s] -- Detecting C compile features - done
[0.164s] -- Detecting CXX compiler ABI info
[0.227s] -- Detecting CXX compiler ABI info - done
[0.233s] -- Check for working CXX compiler: /usr/bin/c++ - skipped
[0.233s] -- Detecting CXX compile features
[0.234s] -- Detecting CXX compile features - done
[0.239s] -- Found ament_cmake: 1.3.10 (/opt/ros/humble/share/ament_cmake/cmake)
[0.368s] -- Found Python3: /usr/bin/python3 (found version "3.10.12") found components: Interpreter 
[0.447s] -- Found xacro: 2.0.8 (/opt/ros/humble/share/xacro/cmake)
[0.449s] -- Found urdf: 2.6.1 (/opt/ros/humble/share/urdf/cmake)
[0.500s] -- Found rviz2: 11.2.14 (/opt/ros/humble/share/rviz2/cmake)
[0.502s] -- Found ament_lint_auto: 0.12.11 (/opt/ros/humble/share/ament_lint_auto/cmake)
[0.576s] -- Added test 'cppcheck' to perform static code analysis on C / C++ code
[0.577s] -- Configured cppcheck include dirs: 
[0.577s] -- Configured cppcheck exclude dirs and/or files: 
[0.578s] -- Added test 'flake8' to check Python code syntax and style conventions
[0.581s] -- Added test 'lint_cmake' to check CMake code style
[0.582s] -- Added test 'pep257' to check Python code against some of the docstring style conventions in PEP 257
[0.591s] -- Added test 'uncrustify' to check C / C++ code style
[0.591s] -- Configured uncrustify additional arguments: 
[0.592s] -- Added test 'xmllint' to check XML markup files
[0.593s] -- Configuring done
[0.596s] -- Generating done
[0.597s] -- Build files have been written to: /home/ros2_ws/build/manipulator3
[0.604s] Invoked command in '/home/ros2_ws/build/manipulator3' returned '0': CMAKE_PREFIX_PATH=/opt/ros/humble /usr/bin/cmake /home/ros2_ws/src/manipulator3 -DCMAKE_INSTALL_PREFIX=/home/ros2_ws/install/manipulator3
[0.605s] Invoking command in '/home/ros2_ws/build/manipulator3': CMAKE_PREFIX_PATH=/opt/ros/humble /usr/bin/cmake --build /home/ros2_ws/build/manipulator3 -- -j8 -l8
[0.635s] Invoked command in '/home/ros2_ws/build/manipulator3' returned '0': CMAKE_PREFIX_PATH=/opt/ros/humble /usr/bin/cmake --build /home/ros2_ws/build/manipulator3 -- -j8 -l8
[0.658s] Invoking command in '/home/ros2_ws/build/manipulator3': CMAKE_PREFIX_PATH=/opt/ros/humble /usr/bin/cmake --install /home/ros2_ws/build/manipulator3
[0.663s] -- Install configuration: ""
[0.663s] -- Installing: /home/ros2_ws/install/manipulator3/share/manipulator3/launch
[0.663s] -- Installing: /home/ros2_ws/install/manipulator3/share/manipulator3/launch/gazebo.launch.py
[0.663s] -- Installing: /home/ros2_ws/install/manipulator3/share/manipulator3/launch/display.py
[0.664s] -- Installing: /home/ros2_ws/install/manipulator3/share/manipulator3/urdf
[0.664s] -- Installing: /home/ros2_ws/install/manipulator3/share/manipulator3/urdf/cores.xacro
[0.664s] -- Installing: /home/ros2_ws/install/manipulator3/share/manipulator3/urdf/manipulator3.urdf.xacro
[0.664s] -- Installing: /home/ros2_ws/install/manipulator3/share/manipulator3/config
[0.664s] -- Installing: /home/ros2_ws/install/manipulator3/share/manipulator3/config/link2_inertia.yaml
[0.664s] -- Installing: /home/ros2_ws/install/manipulator3/share/manipulator3/config/controllers.yaml
[0.664s] -- Installing: /home/ros2_ws/install/manipulator3/share/manipulator3/meshes
[0.664s] -- Installing: /home/ros2_ws/install/manipulator3/share/manipulator3/meshes/vertical2.stl
[0.664s] -- Installing: /home/ros2_ws/install/manipulator3/share/manipulator3/meshes/endeffec.stl
[0.664s] -- Installing: /home/ros2_ws/install/manipulator3/share/manipulator3/meshes/redonda.stl
[0.664s] -- Installing: /home/ros2_ws/install/manipulator3/share/manipulator3/meshes/vertical1.stl
[0.664s] -- Installing: /home/ros2_ws/install/manipulator3/share/manipulator3/meshes/horizontal1.stl
[0.664s] -- Installing: /home/ros2_ws/install/manipulator3/share/manipulator3/meshes/horizontal2.stl
[0.665s] -- Installing: /home/ros2_ws/install/manipulator3/share/manipulator3/rviz2
[0.665s] -- Installing: /home/ros2_ws/install/manipulator3/share/manipulator3/rviz2/display.rviz
[0.665s] -- Installing: /home/ros2_ws/install/manipulator3/share/ament_index/resource_index/package_run_dependencies/manipulator3
[0.665s] -- Installing: /home/ros2_ws/install/manipulator3/share/ament_index/resource_index/parent_prefix_path/manipulator3
[0.665s] -- Installing: /home/ros2_ws/install/manipulator3/share/manipulator3/environment/ament_prefix_path.sh
[0.665s] -- Installing: /home/ros2_ws/install/manipulator3/share/manipulator3/environment/ament_prefix_path.dsv
[0.665s] -- Installing: /home/ros2_ws/install/manipulator3/share/manipulator3/environment/path.sh
[0.665s] -- Installing: /home/ros2_ws/install/manipulator3/share/manipulator3/environment/path.dsv
[0.665s] -- Installing: /home/ros2_ws/install/manipulator3/share/manipulator3/local_setup.bash
[0.665s] -- Installing: /home/ros2_ws/install/manipulator3/share/manipulator3/local_setup.sh
[0.665s] -- Installing: /home/ros2_ws/install/manipulator3/share/manipulator3/local_setup.zsh
[0.665s] -- Installing: /home/ros2_ws/install/manipulator3/share/manipulator3/local_setup.dsv
[0.665s] -- Installing: /home/ros2_ws/install/manipulator3/share/manipulator3/package.dsv
[0.665s] -- Installing: /home/ros2_ws/install/manipulator3/share/ament_index/resource_index/packages/manipulator3
[0.666s] -- Installing: /home/ros2_ws/install/manipulator3/share/manipulator3/cmake/manipulator3Config.cmake
[0.666s] -- Installing: /home/ros2_ws/install/manipulator3/share/manipulator3/cmake/manipulator3Config-version.cmake
[0.666s] -- Installing: /home/ros2_ws/install/manipulator3/share/manipulator3/package.xml
[0.667s] Invoked command in '/home/ros2_ws/build/manipulator3' returned '0': CMAKE_PREFIX_PATH=/opt/ros/humble /usr/bin/cmake --install /home/ros2_ws/build/manipulator3
