-- Install configuration: ""
-- Up-to-date: /home/ros2_ws/install/manipulator3/share/manipulator3/launch
-- Up-to-date: /home/ros2_ws/install/manipulator3/share/manipulator3/launch/gazebo.launch.py
-- Up-to-date: /home/ros2_ws/install/manipulator3/share/manipulator3/launch/display.py
-- Up-to-date: /home/ros2_ws/install/manipulator3/share/manipulator3/urdf
-- Up-to-date: /home/ros2_ws/install/manipulator3/share/manipulator3/urdf/cores.xacro
-- Installing: /home/ros2_ws/install/manipulator3/share/manipulator3/urdf/manipulator3.urdf.xacro
-- Up-to-date: /home/ros2_ws/install/manipulator3/share/manipulator3/urdf/manipulator3_gazebo.xacro
-- Up-to-date: /home/ros2_ws/install/manipulator3/share/manipulator3/config
-- Up-to-date: /home/ros2_ws/install/manipulator3/share/manipulator3/meshes
-- Up-to-date: /home/ros2_ws/install/manipulator3/share/manipulator3/meshes/vertical2.stl
-- Up-to-date: /home/ros2_ws/install/manipulator3/share/manipulator3/meshes/endeffec.stl
-- Up-to-date: /home/ros2_ws/install/manipulator3/share/manipulator3/meshes/redonda.stl
-- Up-to-date: /home/ros2_ws/install/manipulator3/share/manipulator3/meshes/vertical1.stl
-- Up-to-date: /home/ros2_ws/install/manipulator3/share/manipulator3/meshes/horizontal1.stl
-- Up-to-date: /home/ros2_ws/install/manipulator3/share/manipulator3/meshes/horizontal2.stl
-- Up-to-date: /home/ros2_ws/install/manipulator3/share/manipulator3/rviz2
-- Up-to-date: /home/ros2_ws/install/manipulator3/share/manipulator3/rviz2/display.rviz
-- Up-to-date: /home/ros2_ws/install/manipulator3/share/ament_index/resource_index/package_run_dependencies/manipulator3
-- Up-to-date: /home/ros2_ws/install/manipulator3/share/ament_index/resource_index/parent_prefix_path/manipulator3
-- Up-to-date: /home/ros2_ws/install/manipulator3/share/manipulator3/environment/ament_prefix_path.sh
-- Up-to-date: /home/ros2_ws/install/manipulator3/share/manipulator3/environment/ament_prefix_path.dsv
-- Up-to-date: /home/ros2_ws/install/manipulator3/share/manipulator3/environment/path.sh
-- Up-to-date: /home/ros2_ws/install/manipulator3/share/manipulator3/environment/path.dsv
-- Up-to-date: /home/ros2_ws/install/manipulator3/share/manipulator3/local_setup.bash
-- Up-to-date: /home/ros2_ws/install/manipulator3/share/manipulator3/local_setup.sh
-- Up-to-date: /home/ros2_ws/install/manipulator3/share/manipulator3/local_setup.zsh
-- Up-to-date: /home/ros2_ws/install/manipulator3/share/manipulator3/local_setup.dsv
-- Installing: /home/ros2_ws/install/manipulator3/share/manipulator3/package.dsv
-- Up-to-date: /home/ros2_ws/install/manipulator3/share/ament_index/resource_index/packages/manipulator3
-- Up-to-date: /home/ros2_ws/install/manipulator3/share/manipulator3/cmake/manipulator3Config.cmake
-- Up-to-date: /home/ros2_ws/install/manipulator3/share/manipulator3/cmake/manipulator3Config-version.cmake
-- Up-to-date: /home/ros2_ws/install/manipulator3/share/manipulator3/package.xml
