2024-12-15 16:40:10.828 [info] [Info  - 4:40:10 PM] (2063) Server root directory: file:///home/ros2_ws/.vscode-server/extensions/ms-python.vscode-pylance-2024.12.1/dist
2024-12-15 16:40:10.828 [info] [Info  - 4:40:10 PM] (2063) Pylance language server 2024.12.1 (pyright version 1.1.389, commit ce1325fc) starting
2024-12-15 16:40:10.828 [info] [Info  - 4:40:10 PM] (2063) Starting service instance "ros2_ws"
2024-12-15 16:40:10.868 [info] [Info  - 4:40:10 PM] (2063) Setting environmentName for service "ros2_ws": "3.10.12 (global)"
2024-12-15 16:40:10.868 [info] [Info  - 4:40:10 PM] (2063) Setting pythonPath for service "ros2_ws": "/bin/python3"
2024-12-15 16:40:10.869 [info] [Info  - 4:40:10 PM] (2063) No include entries specified; assuming /home/ros2_ws
2024-12-15 16:40:10.870 [info] [Info  - 4:40:10 PM] (2063) Auto-excluding **/node_modules
2024-12-15 16:40:10.870 [info] [Info  - 4:40:10 PM] (2063) Auto-excluding **/__pycache__
2024-12-15 16:40:10.870 [info] [Info  - 4:40:10 PM] (2063) Auto-excluding **/.*
2024-12-15 16:40:10.891 [info] [Info  - 4:40:10 PM] (2063) Assuming Python version 3.10.12.final.0
2024-12-15 16:40:11.010 [info] [Info  - 4:40:11 PM] (2063) Found 12 source files
2024-12-15 16:40:11.438 [info] [Info  - 4:40:11 PM] (2063) Background analysis(1) root directory: file:///home/ros2_ws/.vscode-server/extensions/ms-python.vscode-pylance-2024.12.1/dist
2024-12-15 16:40:11.438 [info] [Info  - 4:40:11 PM] (2063) Background analysis(1) started
2024-12-15 16:40:11.571 [info] [Info  - 4:40:11 PM] (2063) Indexer background runner(2) root directory: file:///home/ros2_ws/.vscode-server/extensions/ms-python.vscode-pylance-2024.12.1/dist (index)
2024-12-15 16:40:11.572 [info] [Info  - 4:40:11 PM] (2063) Indexing(2) started
2024-12-15 16:40:12.172 [info] [Info  - 4:40:12 PM] (2063) scanned(2) 196 files over 1 exec env
2024-12-15 16:40:12.374 [info] [Info  - 4:40:12 PM] (2063) indexed(2) 196 files over 1 exec env
2024-12-15 16:40:12.420 [info] [Info  - 4:40:12 PM] (2063) Indexing finished(2).
2024-12-15 16:40:16.357 [info] [Info  - 4:40:16 PM] (2063) Found 12 source files
2024-12-15 16:40:20.892 [info] (Client) The existing extension didn't exit within 10 seconds. New instance will start, but you might encounter issues.
2024-12-15 16:40:20.892 [info] (Client) Pylance async client (2024.12.1) started with python extension (2024.22.0)
2024-12-15 16:40:27.295 [info] [Info  - 4:40:27 PM] (2063) Found 12 source files
