1734238368.3614140 [INFO] [launch]: All log files can be found below /home/ros2_ws/.ros/log/2024-12-15-01-52-48-360712-gabriel-550XDA-16088
1734238368.3615260 [INFO] [launch]: Default logging verbosity is set to INFO
1734238368.5055556 [INFO] [robot_state_publisher-1]: process started with pid [16090]
1734238368.5056973 [INFO] [joint_state_publisher_gui-2]: process started with pid [16092]
1734238368.5057626 [INFO] [rviz2-3]: process started with pid [16094]
1734238368.8459926 [joint_state_publisher_gui-2] QStandardPaths: wrong permissions on runtime directory /tmp/runtime-ros2_ws, 0755 instead of 0700
1734238368.8465412 [joint_state_publisher_gui-2] QStandardPaths: wrong permissions on runtime directory /tmp/runtime-ros2_ws, 0755 instead of 0700
1734238368.9215598 [joint_state_publisher_gui-2] [INFO] [1734238368.921341185] [joint_state_publisher]: Waiting for robot_description to be published on the robot_description topic...
1734238368.9317110 [joint_state_publisher_gui-2] [INFO] [1734238368.931335481] [joint_state_publisher]: Centering
1734238369.0356994 [joint_state_publisher_gui-2] [INFO] [1734238369.035401594] [joint_state_publisher]: Centering
1734238388.6470654 [joint_state_publisher_gui-2] [INFO] [1734238388.646592919] [joint_state_publisher]: Randomizing
1734238389.0801959 [joint_state_publisher_gui-2] [INFO] [1734238389.079697615] [joint_state_publisher]: Randomizing
1734238389.3597612 [joint_state_publisher_gui-2] [INFO] [1734238389.359273359] [joint_state_publisher]: Randomizing
1734238389.6801667 [joint_state_publisher_gui-2] [INFO] [1734238389.679761910] [joint_state_publisher]: Randomizing
1734238389.9537385 [joint_state_publisher_gui-2] [INFO] [1734238389.953319713] [joint_state_publisher]: Randomizing
1734238390.1705792 [joint_state_publisher_gui-2] [INFO] [1734238390.170051909] [joint_state_publisher]: Randomizing
1734238391.6979017 [INFO] [joint_state_publisher_gui-2]: process has finished cleanly [pid 16092]
1734238396.0351183 [WARNING] [launch]: user interrupted with ctrl-c (SIGINT)
1734238396.1448228 [INFO] [robot_state_publisher-1]: process has finished cleanly [pid 16090]
1734238396.3771455 [INFO] [rviz2-3]: process has finished cleanly [pid 16094]
