[0.013s] Invoking command in '/home/ros2_ws/build/manipulator3': CMAKE_PREFIX_PATH=/opt/ros/humble /usr/bin/cmake --build /home/ros2_ws/build/manipulator3 -- -j8 -l8
[0.062s] -- Found ament_cmake: 1.3.10 (/opt/ros/humble/share/ament_cmake/cmake)
[0.189s] -- Found xacro: 2.0.8 (/opt/ros/humble/share/xacro/cmake)
[0.191s] -- Found urdf: 2.6.1 (/opt/ros/humble/share/urdf/cmake)
[0.259s] -- Found rviz2: 11.2.14 (/opt/ros/humble/share/rviz2/cmake)
[0.260s] -- Found ament_lint_auto: 0.12.11 (/opt/ros/humble/share/ament_lint_auto/cmake)
[0.337s] -- Added test 'cppcheck' to perform static code analysis on C / C++ code
[0.337s] -- Configured cppcheck include dirs: 
[0.338s] -- Configured cppcheck exclude dirs and/or files: 
[0.339s] -- Added test 'flake8' to check Python code syntax and style conventions
[0.343s] -- Added test 'lint_cmake' to check CMake code style
[0.345s] -- Added test 'pep257' to check Python code against some of the docstring style conventions in PEP 257
[0.356s] -- Added test 'uncrustify' to check C / C++ code style
[0.356s] -- Configured uncrustify additional arguments: 
[0.358s] -- Added test 'xmllint' to check XML markup files
[0.361s] -- Configuring done
[0.368s] -- Generating done
[0.369s] -- Build files have been written to: /home/ros2_ws/build/manipulator3
[0.385s] Invoked command in '/home/ros2_ws/build/manipulator3' returned '0': CMAKE_PREFIX_PATH=/opt/ros/humble /usr/bin/cmake --build /home/ros2_ws/build/manipulator3 -- -j8 -l8
[0.406s] Invoking command in '/home/ros2_ws/build/manipulator3': CMAKE_PREFIX_PATH=/opt/ros/humble /usr/bin/cmake --install /home/ros2_ws/build/manipulator3
[0.413s] -- Install configuration: ""
[0.413s] -- Up-to-date: /home/ros2_ws/install/manipulator3/share/manipulator3/launch
[0.413s] -- Installing: /home/ros2_ws/install/manipulator3/share/manipulator3/launch/endeffector_calculator.py
[0.413s] -- Installing: /home/ros2_ws/install/manipulator3/share/manipulator3/launch/joint_publisher.py
[0.413s] -- Up-to-date: /home/ros2_ws/install/manipulator3/share/manipulator3/launch/gazebo.launch.py
[0.413s] -- Installing: /home/ros2_ws/install/manipulator3/share/manipulator3/launch/display.launch.py
[0.413s] -- Up-to-date: /home/ros2_ws/install/manipulator3/share/manipulator3/urdf
[0.413s] -- Up-to-date: /home/ros2_ws/install/manipulator3/share/manipulator3/urdf/cores.xacro
[0.413s] -- Up-to-date: /home/ros2_ws/install/manipulator3/share/manipulator3/urdf/manipulator3.urdf.xacro
[0.413s] -- Up-to-date: /home/ros2_ws/install/manipulator3/share/manipulator3/urdf/manipulator3_gazebo.xacro
[0.414s] -- Up-to-date: /home/ros2_ws/install/manipulator3/share/manipulator3/meshes
[0.414s] -- Up-to-date: /home/ros2_ws/install/manipulator3/share/manipulator3/meshes/vertical2.stl
[0.415s] -- Up-to-date: /home/ros2_ws/install/manipulator3/share/manipulator3/meshes/endeffec.stl
[0.415s] -- Up-to-date: /home/ros2_ws/install/manipulator3/share/manipulator3/meshes/redonda.stl
[0.415s] -- Up-to-date: /home/ros2_ws/install/manipulator3/share/manipulator3/meshes/vertical1.stl
[0.415s] -- Up-to-date: /home/ros2_ws/install/manipulator3/share/manipulator3/meshes/horizontal1.stl
[0.415s] -- Up-to-date: /home/ros2_ws/install/manipulator3/share/manipulator3/meshes/horizontal2.stl
[0.415s] -- Up-to-date: /home/ros2_ws/install/manipulator3/share/manipulator3/rviz2
[0.415s] -- Up-to-date: /home/ros2_ws/install/manipulator3/share/manipulator3/rviz2/display.rviz
[0.415s] -- Up-to-date: /home/ros2_ws/install/manipulator3/share/ament_index/resource_index/package_run_dependencies/manipulator3
[0.416s] -- Up-to-date: /home/ros2_ws/install/manipulator3/share/ament_index/resource_index/parent_prefix_path/manipulator3
[0.416s] -- Up-to-date: /home/ros2_ws/install/manipulator3/share/manipulator3/environment/ament_prefix_path.sh
[0.416s] -- Installing: /home/ros2_ws/install/manipulator3/share/manipulator3/environment/ament_prefix_path.dsv
[0.416s] -- Up-to-date: /home/ros2_ws/install/manipulator3/share/manipulator3/environment/path.sh
[0.416s] -- Installing: /home/ros2_ws/install/manipulator3/share/manipulator3/environment/path.dsv
[0.416s] -- Up-to-date: /home/ros2_ws/install/manipulator3/share/manipulator3/local_setup.bash
[0.416s] -- Up-to-date: /home/ros2_ws/install/manipulator3/share/manipulator3/local_setup.sh
[0.416s] -- Up-to-date: /home/ros2_ws/install/manipulator3/share/manipulator3/local_setup.zsh
[0.416s] -- Installing: /home/ros2_ws/install/manipulator3/share/manipulator3/local_setup.dsv
[0.416s] -- Installing: /home/ros2_ws/install/manipulator3/share/manipulator3/package.dsv
[0.417s] -- Up-to-date: /home/ros2_ws/install/manipulator3/share/ament_index/resource_index/packages/manipulator3
[0.417s] -- Up-to-date: /home/ros2_ws/install/manipulator3/share/manipulator3/cmake/manipulator3Config.cmake
[0.417s] -- Up-to-date: /home/ros2_ws/install/manipulator3/share/manipulator3/cmake/manipulator3Config-version.cmake
[0.417s] -- Up-to-date: /home/ros2_ws/install/manipulator3/share/manipulator3/package.xml
[0.418s] Invoked command in '/home/ros2_ws/build/manipulator3' returned '0': CMAKE_PREFIX_PATH=/opt/ros/humble /usr/bin/cmake --install /home/ros2_ws/build/manipulator3
