[0.110s] DEBUG:colcon:Command line arguments: ['/usr/bin/colcon', 'build']
[0.110s] DEBUG:colcon:Parsed command line arguments: Namespace(log_base=None, log_level=None, verb_name='build', build_base='build', install_base='install', merge_install=False, symlink_install=False, test_result_base=None, continue_on_error=False, executor='parallel', parallel_workers=8, event_handlers=None, ignore_user_meta=False, metas=['./colcon.meta'], base_paths=['.'], packages_ignore=None, packages_ignore_regex=None, paths=None, packages_up_to=None, packages_up_to_regex=None, packages_above=None, packages_above_and_dependencies=None, packages_above_depth=None, packages_select_by_dep=None, packages_skip_by_dep=None, packages_skip_up_to=None, packages_select_build_failed=False, packages_skip_build_finished=False, packages_select_test_failures=False, packages_skip_test_passed=False, packages_select=None, packages_skip=None, packages_select_regex=None, packages_skip_regex=None, packages_start=None, packages_end=None, cmake_args=None, cmake_target=None, cmake_target_skip_unavailable=False, cmake_clean_cache=False, cmake_clean_first=False, cmake_force_configure=False, ament_cmake_args=None, catkin_cmake_args=None, catkin_skip_building_tests=False, mixin_files=None, mixin=None, verb_parser=<colcon_mixin.mixin.mixin_argument.MixinArgumentDecorator object at 0x7f1959e1c7f0>, verb_extension=<colcon_core.verb.build.BuildVerb object at 0x7f1959e1c2b0>, main=<bound method BuildVerb.main of <colcon_core.verb.build.BuildVerb object at 0x7f1959e1c2b0>>, mixin_verb=('build',))
[0.287s] Level 1:colcon.colcon_core.package_discovery:discover_packages(colcon_meta) check parameters
[0.287s] Level 1:colcon.colcon_core.package_discovery:discover_packages(recursive) check parameters
[0.287s] Level 1:colcon.colcon_core.package_discovery:discover_packages(ignore) check parameters
[0.287s] Level 1:colcon.colcon_core.package_discovery:discover_packages(path) check parameters
[0.287s] Level 1:colcon.colcon_core.package_discovery:discover_packages(colcon_meta) discover
[0.287s] Level 1:colcon.colcon_core.package_discovery:discover_packages(recursive) discover
[0.287s] INFO:colcon.colcon_core.package_discovery:Crawling recursively for packages in '/home/ros2_ws/src/manipulator3'
[0.287s] Level 1:colcon.colcon_core.package_identification:_identify(.) by extensions ['ignore', 'ignore_ament_install']
[0.287s] Level 1:colcon.colcon_core.package_identification:_identify(.) by extension 'ignore'
[0.287s] Level 1:colcon.colcon_core.package_identification:_identify(.) by extension 'ignore_ament_install'
[0.287s] Level 1:colcon.colcon_core.package_identification:_identify(.) by extensions ['colcon_pkg']
[0.287s] Level 1:colcon.colcon_core.package_identification:_identify(.) by extension 'colcon_pkg'
[0.287s] Level 1:colcon.colcon_core.package_identification:_identify(.) by extensions ['colcon_meta']
[0.287s] Level 1:colcon.colcon_core.package_identification:_identify(.) by extension 'colcon_meta'
[0.287s] Level 1:colcon.colcon_core.package_identification:_identify(.) by extensions ['ros']
[0.288s] Level 1:colcon.colcon_core.package_identification:_identify(.) by extension 'ros'
[0.305s] DEBUG:colcon.colcon_core.package_identification:Package '.' with type 'ros.ament_cmake' and name 'manipulator3'
[0.305s] Level 1:colcon.colcon_core.package_discovery:discover_packages(recursive) using defaults
[0.305s] Level 1:colcon.colcon_core.package_discovery:discover_packages(ignore) discover
[0.305s] Level 1:colcon.colcon_core.package_discovery:discover_packages(ignore) using defaults
[0.305s] Level 1:colcon.colcon_core.package_discovery:discover_packages(path) discover
[0.305s] Level 1:colcon.colcon_core.package_discovery:discover_packages(path) using defaults
[0.326s] Level 5:colcon.colcon_core.verb:set package 'manipulator3' build argument 'cmake_args' from command line to 'None'
[0.326s] Level 5:colcon.colcon_core.verb:set package 'manipulator3' build argument 'cmake_target' from command line to 'None'
[0.326s] Level 5:colcon.colcon_core.verb:set package 'manipulator3' build argument 'cmake_target_skip_unavailable' from command line to 'False'
[0.326s] Level 5:colcon.colcon_core.verb:set package 'manipulator3' build argument 'cmake_clean_cache' from command line to 'False'
[0.326s] Level 5:colcon.colcon_core.verb:set package 'manipulator3' build argument 'cmake_clean_first' from command line to 'False'
[0.326s] Level 5:colcon.colcon_core.verb:set package 'manipulator3' build argument 'cmake_force_configure' from command line to 'False'
[0.326s] Level 5:colcon.colcon_core.verb:set package 'manipulator3' build argument 'ament_cmake_args' from command line to 'None'
[0.326s] Level 5:colcon.colcon_core.verb:set package 'manipulator3' build argument 'catkin_cmake_args' from command line to 'None'
[0.326s] Level 5:colcon.colcon_core.verb:set package 'manipulator3' build argument 'catkin_skip_building_tests' from command line to 'False'
[0.326s] DEBUG:colcon.colcon_core.verb:Building package 'manipulator3' with the following arguments: {'ament_cmake_args': None, 'build_base': '/home/ros2_ws/src/manipulator3/build/manipulator3', 'catkin_cmake_args': None, 'catkin_skip_building_tests': False, 'cmake_args': None, 'cmake_clean_cache': False, 'cmake_clean_first': False, 'cmake_force_configure': False, 'cmake_target': None, 'cmake_target_skip_unavailable': False, 'install_base': '/home/ros2_ws/src/manipulator3/install/manipulator3', 'merge_install': False, 'path': '/home/ros2_ws/src/manipulator3', 'symlink_install': False, 'test_result_base': None}
[0.326s] INFO:colcon.colcon_core.executor:Executing jobs using 'parallel' executor
[0.327s] DEBUG:colcon.colcon_parallel_executor.executor.parallel:run_until_complete
[0.327s] INFO:colcon.colcon_ros.task.ament_cmake.build:Building ROS package in '/home/ros2_ws/src/manipulator3' with build type 'ament_cmake'
[0.328s] INFO:colcon.colcon_cmake.task.cmake.build:Building CMake package in '/home/ros2_ws/src/manipulator3'
[0.331s] INFO:colcon.colcon_core.plugin_system:Skipping extension 'colcon_core.shell.bat': Not used on non-Windows systems
[0.331s] INFO:colcon.colcon_core.shell:Skip shell extension 'powershell' for command environment: Not usable outside of PowerShell
[0.331s] DEBUG:colcon.colcon_core.shell:Skip shell extension 'dsv' for command environment
[0.346s] DEBUG:colcon.colcon_core.event_handler.log_command:Invoking command in '/home/ros2_ws/src/manipulator3/build/manipulator3': CMAKE_PREFIX_PATH=/opt/ros/humble /usr/bin/cmake --build /home/ros2_ws/src/manipulator3/build/manipulator3 -- -j8 -l8
[0.479s] DEBUG:colcon.colcon_core.event_handler.log_command:Invoked command in '/home/ros2_ws/src/manipulator3/build/manipulator3' returned '0': CMAKE_PREFIX_PATH=/opt/ros/humble /usr/bin/cmake --build /home/ros2_ws/src/manipulator3/build/manipulator3 -- -j8 -l8
[0.504s] DEBUG:colcon.colcon_core.event_handler.log_command:Invoking command in '/home/ros2_ws/src/manipulator3/build/manipulator3': CMAKE_PREFIX_PATH=/opt/ros/humble /usr/bin/cmake --install /home/ros2_ws/src/manipulator3/build/manipulator3
[0.513s] Level 1:colcon.colcon_core.environment:create_environment_scripts_only(manipulator3)
[0.514s] DEBUG:colcon.colcon_core.event_handler.log_command:Invoked command in '/home/ros2_ws/src/manipulator3/build/manipulator3' returned '0': CMAKE_PREFIX_PATH=/opt/ros/humble /usr/bin/cmake --install /home/ros2_ws/src/manipulator3/build/manipulator3
[0.518s] Level 1:colcon.colcon_core.environment:checking '/home/ros2_ws/src/manipulator3/install/manipulator3' for CMake module files
[0.518s] Level 1:colcon.colcon_core.environment:checking '/home/ros2_ws/src/manipulator3/install/manipulator3' for CMake config files
[0.518s] Level 1:colcon.colcon_core.shell:create_environment_hook('manipulator3', 'cmake_prefix_path')
[0.518s] INFO:colcon.colcon_core.shell:Creating environment hook '/home/ros2_ws/src/manipulator3/install/manipulator3/share/manipulator3/hook/cmake_prefix_path.ps1'
[0.519s] INFO:colcon.colcon_core.shell:Creating environment descriptor '/home/ros2_ws/src/manipulator3/install/manipulator3/share/manipulator3/hook/cmake_prefix_path.dsv'
[0.520s] INFO:colcon.colcon_core.shell:Creating environment hook '/home/ros2_ws/src/manipulator3/install/manipulator3/share/manipulator3/hook/cmake_prefix_path.sh'
[0.521s] Level 1:colcon.colcon_core.environment:checking '/home/ros2_ws/src/manipulator3/install/manipulator3/bin'
[0.521s] Level 1:colcon.colcon_core.environment:checking '/home/ros2_ws/src/manipulator3/install/manipulator3/lib/pkgconfig/manipulator3.pc'
[0.522s] Level 1:colcon.colcon_core.environment:checking '/home/ros2_ws/src/manipulator3/install/manipulator3/lib/python3.10/site-packages'
[0.523s] Level 1:colcon.colcon_core.environment:checking '/home/ros2_ws/src/manipulator3/install/manipulator3/bin'
[0.523s] INFO:colcon.colcon_core.shell:Creating package script '/home/ros2_ws/src/manipulator3/install/manipulator3/share/manipulator3/package.ps1'
[0.524s] INFO:colcon.colcon_core.shell:Creating package descriptor '/home/ros2_ws/src/manipulator3/install/manipulator3/share/manipulator3/package.dsv'
[0.525s] INFO:colcon.colcon_core.shell:Creating package script '/home/ros2_ws/src/manipulator3/install/manipulator3/share/manipulator3/package.sh'
[0.526s] INFO:colcon.colcon_core.shell:Creating package script '/home/ros2_ws/src/manipulator3/install/manipulator3/share/manipulator3/package.bash'
[0.527s] INFO:colcon.colcon_core.shell:Creating package script '/home/ros2_ws/src/manipulator3/install/manipulator3/share/manipulator3/package.zsh'
[0.528s] Level 1:colcon.colcon_core.environment:create_file_with_runtime_dependencies(/home/ros2_ws/src/manipulator3/install/manipulator3/share/colcon-core/packages/manipulator3)
[0.546s] Level 1:colcon.colcon_core.environment:create_environment_scripts_only(manipulator3)
[0.546s] Level 1:colcon.colcon_core.environment:checking '/home/ros2_ws/src/manipulator3/install/manipulator3' for CMake module files
[0.546s] Level 1:colcon.colcon_core.environment:checking '/home/ros2_ws/src/manipulator3/install/manipulator3' for CMake config files
[0.546s] Level 1:colcon.colcon_core.shell:create_environment_hook('manipulator3', 'cmake_prefix_path')
[0.547s] INFO:colcon.colcon_core.shell:Creating environment hook '/home/ros2_ws/src/manipulator3/install/manipulator3/share/manipulator3/hook/cmake_prefix_path.ps1'
[0.547s] INFO:colcon.colcon_core.shell:Creating environment descriptor '/home/ros2_ws/src/manipulator3/install/manipulator3/share/manipulator3/hook/cmake_prefix_path.dsv'
[0.547s] INFO:colcon.colcon_core.shell:Creating environment hook '/home/ros2_ws/src/manipulator3/install/manipulator3/share/manipulator3/hook/cmake_prefix_path.sh'
[0.548s] Level 1:colcon.colcon_core.environment:checking '/home/ros2_ws/src/manipulator3/install/manipulator3/bin'
[0.548s] Level 1:colcon.colcon_core.environment:checking '/home/ros2_ws/src/manipulator3/install/manipulator3/lib/pkgconfig/manipulator3.pc'
[0.548s] Level 1:colcon.colcon_core.environment:checking '/home/ros2_ws/src/manipulator3/install/manipulator3/lib/python3.10/site-packages'
[0.548s] Level 1:colcon.colcon_core.environment:checking '/home/ros2_ws/src/manipulator3/install/manipulator3/bin'
[0.548s] INFO:colcon.colcon_core.shell:Creating package script '/home/ros2_ws/src/manipulator3/install/manipulator3/share/manipulator3/package.ps1'
[0.549s] INFO:colcon.colcon_core.shell:Creating package descriptor '/home/ros2_ws/src/manipulator3/install/manipulator3/share/manipulator3/package.dsv'
[0.549s] INFO:colcon.colcon_core.shell:Creating package script '/home/ros2_ws/src/manipulator3/install/manipulator3/share/manipulator3/package.sh'
[0.549s] INFO:colcon.colcon_core.shell:Creating package script '/home/ros2_ws/src/manipulator3/install/manipulator3/share/manipulator3/package.bash'
[0.550s] INFO:colcon.colcon_core.shell:Creating package script '/home/ros2_ws/src/manipulator3/install/manipulator3/share/manipulator3/package.zsh'
[0.550s] Level 1:colcon.colcon_core.environment:create_file_with_runtime_dependencies(/home/ros2_ws/src/manipulator3/install/manipulator3/share/colcon-core/packages/manipulator3)
[0.550s] DEBUG:colcon.colcon_parallel_executor.executor.parallel:closing loop
[0.550s] DEBUG:colcon.colcon_parallel_executor.executor.parallel:loop closed
[0.551s] DEBUG:colcon.colcon_parallel_executor.executor.parallel:run_until_complete finished with '0'
[0.551s] DEBUG:colcon.colcon_core.event_reactor:joining thread
[0.563s] INFO:colcon.colcon_core.plugin_system:Skipping extension 'colcon_notification.desktop_notification.notify_send': Could not find 'notify-send'
[0.563s] INFO:colcon.colcon_core.plugin_system:Skipping extension 'colcon_notification.desktop_notification.terminal_notifier': Not used on non-Darwin systems
[0.563s] INFO:colcon.colcon_core.plugin_system:Skipping extension 'colcon_notification.desktop_notification.win32': Not used on non-Windows systems
[0.563s] INFO:colcon.colcon_notification.desktop_notification:Sending desktop notification using 'notify2'
[0.568s] DEBUG:colcon.colcon_notification.desktop_notification.notify2:Failed to initialize notify2: org.freedesktop.DBus.Error.Spawn.ExecFailed: /usr/bin/dbus-launch terminated abnormally without any error message
[0.568s] DEBUG:colcon.colcon_core.event_reactor:joined thread
[0.569s] INFO:colcon.colcon_core.shell:Creating prefix script '/home/ros2_ws/src/manipulator3/install/local_setup.ps1'
[0.570s] INFO:colcon.colcon_core.shell:Creating prefix util module '/home/ros2_ws/src/manipulator3/install/_local_setup_util_ps1.py'
[0.572s] INFO:colcon.colcon_core.shell:Creating prefix chain script '/home/ros2_ws/src/manipulator3/install/setup.ps1'
[0.573s] INFO:colcon.colcon_core.shell:Creating prefix script '/home/ros2_ws/src/manipulator3/install/local_setup.sh'
[0.574s] INFO:colcon.colcon_core.shell:Creating prefix util module '/home/ros2_ws/src/manipulator3/install/_local_setup_util_sh.py'
[0.575s] INFO:colcon.colcon_core.shell:Creating prefix chain script '/home/ros2_ws/src/manipulator3/install/setup.sh'
[0.577s] INFO:colcon.colcon_core.shell:Creating prefix script '/home/ros2_ws/src/manipulator3/install/local_setup.bash'
[0.579s] INFO:colcon.colcon_core.shell:Creating prefix chain script '/home/ros2_ws/src/manipulator3/install/setup.bash'
[0.580s] INFO:colcon.colcon_core.shell:Creating prefix script '/home/ros2_ws/src/manipulator3/install/local_setup.zsh'
[0.581s] INFO:colcon.colcon_core.shell:Creating prefix chain script '/home/ros2_ws/src/manipulator3/install/setup.zsh'
