[0.000000] (-) TimerEvent: {}
[0.000478] (manipulator3) JobQueued: {'identifier': 'manipulator3', 'dependencies': OrderedDict()}
[0.000626] (manipulator3) JobStarted: {'identifier': 'manipulator3'}
[0.008224] (manipulator3) JobProgress: {'identifier': 'manipulator3', 'progress': 'cmake'}
[0.008771] (manipulator3) JobProgress: {'identifier': 'manipulator3', 'progress': 'build'}
[0.009441] (manipulator3) Command: {'cmd': ['/usr/bin/cmake', '--build', '/home/ros2_ws/src/manipulator3/build/manipulator3', '--', '-j8', '-l8'], 'cwd': '/home/ros2_ws/src/manipulator3/build/manipulator3', 'env': OrderedDict([('HOSTNAME', 'gabriel-550XDA'), ('GIT_ASKPASS', '/home/ros2_ws/.vscode-server/bin/65edc4939843c90c34d61f4ce11704f09d3e5cb6/extensions/git/dist/askpass.sh'), ('SHLVL', '2'), ('LD_LIBRARY_PATH', '/usr/lib/x86_64-linux-gnu/gazebo-11/plugins:/opt/ros/humble/opt/rviz_ogre_vendor/lib:/opt/ros/humble/lib/x86_64-linux-gnu:/opt/ros/humble/lib'), ('BROWSER', '/home/ros2_ws/.vscode-server/bin/65edc4939843c90c34d61f4ce11704f09d3e5cb6/bin/helpers/browser.sh'), ('HOME', '/home/ros2_ws'), ('OLDPWD', '/home/ros2_ws'), ('TERM_PROGRAM_VERSION', '1.95.1'), ('VSCODE_IPC_HOOK_CLI', '/tmp/runtime-ros2_ws/vscode-ipc-43eb1904-2971-455b-b30d-8f42e3eebc49.sock'), ('ROS_PYTHON_VERSION', '3'), ('VSCODE_GIT_ASKPASS_MAIN', '/home/ros2_ws/.vscode-server/bin/65edc4939843c90c34d61f4ce11704f09d3e5cb6/extensions/git/dist/askpass-main.js'), ('VSCODE_GIT_ASKPASS_NODE', '/home/ros2_ws/.vscode-server/bin/65edc4939843c90c34d61f4ce11704f09d3e5cb6/node'), ('COLORTERM', 'truecolor'), ('REMOTE_CONTAINERS', 'true'), ('COLCON_PREFIX_PATH', '/home/ros2_ws/src/manipulator3/install'), ('ROS_DISTRO', 'humble'), ('REMOTE_CONTAINERS_IPC', '/tmp/vscode-remote-containers-ipc-ead51253-f581-4b3c-a58a-40fcb3f0920e.sock'), ('_', '/usr/bin/colcon'), ('ROS_VERSION', '2'), ('TERM', 'xterm-256color'), ('ROS_LOCALHOST_ONLY', '0'), ('QT_X11_NO_MITSHM', '1'), ('PATH', '/opt/ros/humble/bin:/home/ros2_ws/.vscode-server/bin/65edc4939843c90c34d61f4ce11704f09d3e5cb6/bin/remote-cli:/usr/local/sbin:/usr/local/bin:/usr/sbin:/usr/bin:/sbin:/bin'), ('XDG_RUNTIME_DIR', '/tmp/runtime-ros2_ws'), ('REMOTE_CONTAINERS_SOCKETS', '["/tmp/vscode-ssh-auth-ead51253-f581-4b3c-a58a-40fcb3f0920e.sock","/home/ros2_ws/.gnupg/S.gpg-agent"]'), ('DISPLAY', ':0'), ('LANG', 'C.UTF-8'), ('VSCODE_GIT_IPC_HANDLE', '/tmp/runtime-ros2_ws/vscode-git-ef65eb2e77.sock'), ('TERM_PROGRAM', 'vscode'), ('SSH_AUTH_SOCK', '/tmp/vscode-ssh-auth-ead51253-f581-4b3c-a58a-40fcb3f0920e.sock'), ('AMENT_PREFIX_PATH', '/home/ros2_ws/src/manipulator3/install/manipulator3:/opt/ros/humble'), ('SHELL', '/bin/bash'), ('VSCODE_GIT_ASKPASS_EXTRA_ARGS', ''), ('PWD', '/home/ros2_ws/src/manipulator3/build/manipulator3'), ('LC_ALL', 'C.UTF-8'), ('GAZEBO_PLUGIN_PATH', '/usr/lib/x86_64-linux-gnu/gazebo-11/plugins:'), ('PYTHONPATH', '/opt/ros/humble/lib/python3.10/site-packages:/opt/ros/humble/local/lib/python3.10/dist-packages'), ('TZ', 'America/Sao_Paulo'), ('COLCON', '1'), ('CMAKE_PREFIX_PATH', '/home/ros2_ws/src/manipulator3/install/manipulator3:/opt/ros/humble')]), 'shell': False}
[0.040449] (manipulator3) CommandEnded: {'returncode': 0}
[0.055486] (manipulator3) JobProgress: {'identifier': 'manipulator3', 'progress': 'install'}
[0.061682] (manipulator3) Command: {'cmd': ['/usr/bin/cmake', '--install', '/home/ros2_ws/src/manipulator3/build/manipulator3'], 'cwd': '/home/ros2_ws/src/manipulator3/build/manipulator3', 'env': OrderedDict([('HOSTNAME', 'gabriel-550XDA'), ('GIT_ASKPASS', '/home/ros2_ws/.vscode-server/bin/65edc4939843c90c34d61f4ce11704f09d3e5cb6/extensions/git/dist/askpass.sh'), ('SHLVL', '2'), ('LD_LIBRARY_PATH', '/usr/lib/x86_64-linux-gnu/gazebo-11/plugins:/opt/ros/humble/opt/rviz_ogre_vendor/lib:/opt/ros/humble/lib/x86_64-linux-gnu:/opt/ros/humble/lib'), ('BROWSER', '/home/ros2_ws/.vscode-server/bin/65edc4939843c90c34d61f4ce11704f09d3e5cb6/bin/helpers/browser.sh'), ('HOME', '/home/ros2_ws'), ('OLDPWD', '/home/ros2_ws'), ('TERM_PROGRAM_VERSION', '1.95.1'), ('VSCODE_IPC_HOOK_CLI', '/tmp/runtime-ros2_ws/vscode-ipc-43eb1904-2971-455b-b30d-8f42e3eebc49.sock'), ('ROS_PYTHON_VERSION', '3'), ('VSCODE_GIT_ASKPASS_MAIN', '/home/ros2_ws/.vscode-server/bin/65edc4939843c90c34d61f4ce11704f09d3e5cb6/extensions/git/dist/askpass-main.js'), ('VSCODE_GIT_ASKPASS_NODE', '/home/ros2_ws/.vscode-server/bin/65edc4939843c90c34d61f4ce11704f09d3e5cb6/node'), ('COLORTERM', 'truecolor'), ('REMOTE_CONTAINERS', 'true'), ('COLCON_PREFIX_PATH', '/home/ros2_ws/src/manipulator3/install'), ('ROS_DISTRO', 'humble'), ('REMOTE_CONTAINERS_IPC', '/tmp/vscode-remote-containers-ipc-ead51253-f581-4b3c-a58a-40fcb3f0920e.sock'), ('_', '/usr/bin/colcon'), ('ROS_VERSION', '2'), ('TERM', 'xterm-256color'), ('ROS_LOCALHOST_ONLY', '0'), ('QT_X11_NO_MITSHM', '1'), ('PATH', '/opt/ros/humble/bin:/home/ros2_ws/.vscode-server/bin/65edc4939843c90c34d61f4ce11704f09d3e5cb6/bin/remote-cli:/usr/local/sbin:/usr/local/bin:/usr/sbin:/usr/bin:/sbin:/bin'), ('XDG_RUNTIME_DIR', '/tmp/runtime-ros2_ws'), ('REMOTE_CONTAINERS_SOCKETS', '["/tmp/vscode-ssh-auth-ead51253-f581-4b3c-a58a-40fcb3f0920e.sock","/home/ros2_ws/.gnupg/S.gpg-agent"]'), ('DISPLAY', ':0'), ('LANG', 'C.UTF-8'), ('VSCODE_GIT_IPC_HANDLE', '/tmp/runtime-ros2_ws/vscode-git-ef65eb2e77.sock'), ('TERM_PROGRAM', 'vscode'), ('SSH_AUTH_SOCK', '/tmp/vscode-ssh-auth-ead51253-f581-4b3c-a58a-40fcb3f0920e.sock'), ('AMENT_PREFIX_PATH', '/home/ros2_ws/src/manipulator3/install/manipulator3:/opt/ros/humble'), ('SHELL', '/bin/bash'), ('VSCODE_GIT_ASKPASS_EXTRA_ARGS', ''), ('PWD', '/home/ros2_ws/src/manipulator3/build/manipulator3'), ('LC_ALL', 'C.UTF-8'), ('GAZEBO_PLUGIN_PATH', '/usr/lib/x86_64-linux-gnu/gazebo-11/plugins:'), ('PYTHONPATH', '/opt/ros/humble/lib/python3.10/site-packages:/opt/ros/humble/local/lib/python3.10/dist-packages'), ('TZ', 'America/Sao_Paulo'), ('COLCON', '1'), ('CMAKE_PREFIX_PATH', '/home/ros2_ws/src/manipulator3/install/manipulator3:/opt/ros/humble')]), 'shell': False}
[0.066855] (manipulator3) StdoutLine: {'line': b'-- Install configuration: ""\n'}
[0.067047] (manipulator3) StdoutLine: {'line': b'-- Up-to-date: /home/ros2_ws/src/manipulator3/install/manipulator3/share/manipulator3/launch\n'}
[0.067149] (manipulator3) StdoutLine: {'line': b'-- Up-to-date: /home/ros2_ws/src/manipulator3/install/manipulator3/share/manipulator3/launch/gazebo.launch.py\n'}
[0.067273] (manipulator3) StdoutLine: {'line': b'-- Up-to-date: /home/ros2_ws/src/manipulator3/install/manipulator3/share/manipulator3/launch/display.py\n'}
[0.067362] (manipulator3) StdoutLine: {'line': b'-- Up-to-date: /home/ros2_ws/src/manipulator3/install/manipulator3/share/manipulator3/urdf\n'}
[0.067451] (manipulator3) StdoutLine: {'line': b'-- Up-to-date: /home/ros2_ws/src/manipulator3/install/manipulator3/share/manipulator3/urdf/cores.xacro\n'}
[0.067547] (manipulator3) StdoutLine: {'line': b'-- Installing: /home/ros2_ws/src/manipulator3/install/manipulator3/share/manipulator3/urdf/manipulator3.urdf.xacro\n'}
[0.067640] (manipulator3) StdoutLine: {'line': b'-- Up-to-date: /home/ros2_ws/src/manipulator3/install/manipulator3/share/manipulator3/config\n'}
[0.067729] (manipulator3) StdoutLine: {'line': b'-- Up-to-date: /home/ros2_ws/src/manipulator3/install/manipulator3/share/manipulator3/meshes\n'}
[0.067806] (manipulator3) StdoutLine: {'line': b'-- Up-to-date: /home/ros2_ws/src/manipulator3/install/manipulator3/share/manipulator3/meshes/vertical2.stl\n'}
[0.067901] (manipulator3) StdoutLine: {'line': b'-- Up-to-date: /home/ros2_ws/src/manipulator3/install/manipulator3/share/manipulator3/meshes/endeffec.stl\n'}
[0.067967] (manipulator3) StdoutLine: {'line': b'-- Up-to-date: /home/ros2_ws/src/manipulator3/install/manipulator3/share/manipulator3/meshes/redonda.stl\n'}
[0.068031] (manipulator3) StdoutLine: {'line': b'-- Up-to-date: /home/ros2_ws/src/manipulator3/install/manipulator3/share/manipulator3/meshes/vertical1.stl\n'}
[0.068097] (manipulator3) StdoutLine: {'line': b'-- Up-to-date: /home/ros2_ws/src/manipulator3/install/manipulator3/share/manipulator3/meshes/horizontal1.stl\n'}
[0.068162] (manipulator3) StdoutLine: {'line': b'-- Up-to-date: /home/ros2_ws/src/manipulator3/install/manipulator3/share/manipulator3/meshes/horizontal2.stl\n'}
[0.068231] (manipulator3) StdoutLine: {'line': b'-- Up-to-date: /home/ros2_ws/src/manipulator3/install/manipulator3/share/manipulator3/rviz2\n'}
[0.068296] (manipulator3) StdoutLine: {'line': b'-- Up-to-date: /home/ros2_ws/src/manipulator3/install/manipulator3/share/manipulator3/rviz2/display.rviz\n'}
[0.068362] (manipulator3) StdoutLine: {'line': b'-- Up-to-date: /home/ros2_ws/src/manipulator3/install/manipulator3/share/ament_index/resource_index/package_run_dependencies/manipulator3\n'}
[0.068427] (manipulator3) StdoutLine: {'line': b'-- Up-to-date: /home/ros2_ws/src/manipulator3/install/manipulator3/share/ament_index/resource_index/parent_prefix_path/manipulator3\n'}
[0.068492] (manipulator3) StdoutLine: {'line': b'-- Up-to-date: /home/ros2_ws/src/manipulator3/install/manipulator3/share/manipulator3/environment/ament_prefix_path.sh\n'}
[0.068557] (manipulator3) StdoutLine: {'line': b'-- Up-to-date: /home/ros2_ws/src/manipulator3/install/manipulator3/share/manipulator3/environment/ament_prefix_path.dsv\n'}
[0.068623] (manipulator3) StdoutLine: {'line': b'-- Up-to-date: /home/ros2_ws/src/manipulator3/install/manipulator3/share/manipulator3/environment/path.sh\n'}
[0.068688] (manipulator3) StdoutLine: {'line': b'-- Up-to-date: /home/ros2_ws/src/manipulator3/install/manipulator3/share/manipulator3/environment/path.dsv\n'}
[0.068754] (manipulator3) StdoutLine: {'line': b'-- Up-to-date: /home/ros2_ws/src/manipulator3/install/manipulator3/share/manipulator3/local_setup.bash\n'}
[0.068820] (manipulator3) StdoutLine: {'line': b'-- Up-to-date: /home/ros2_ws/src/manipulator3/install/manipulator3/share/manipulator3/local_setup.sh\n'}
[0.069044] (manipulator3) StdoutLine: {'line': b'-- Up-to-date: /home/ros2_ws/src/manipulator3/install/manipulator3/share/manipulator3/local_setup.zsh\n'}
[0.069244] (manipulator3) StdoutLine: {'line': b'-- Up-to-date: /home/ros2_ws/src/manipulator3/install/manipulator3/share/manipulator3/local_setup.dsv\n'}
[0.069716] (manipulator3) StdoutLine: {'line': b'-- Installing: /home/ros2_ws/src/manipulator3/install/manipulator3/share/manipulator3/package.dsv\n'}
[0.069843] (manipulator3) StdoutLine: {'line': b'-- Up-to-date: /home/ros2_ws/src/manipulator3/install/manipulator3/share/ament_index/resource_index/packages/manipulator3\n'}
[0.070006] (manipulator3) StdoutLine: {'line': b'-- Up-to-date: /home/ros2_ws/src/manipulator3/install/manipulator3/share/manipulator3/cmake/manipulator3Config.cmake\n'}
[0.070088] (manipulator3) StdoutLine: {'line': b'-- Up-to-date: /home/ros2_ws/src/manipulator3/install/manipulator3/share/manipulator3/cmake/manipulator3Config-version.cmake\n'}
[0.070229] (manipulator3) StdoutLine: {'line': b'-- Up-to-date: /home/ros2_ws/src/manipulator3/install/manipulator3/share/manipulator3/package.xml\n'}
[0.070302] (manipulator3) CommandEnded: {'returncode': 0}
[0.097750] (manipulator3) JobEnded: {'identifier': 'manipulator3', 'rc': 0}
[0.098231] (-) EventReactorShutdown: {}
