[0.000000] (-) TimerEvent: {}
[0.000681] (manipulator3) JobQueued: {'identifier': 'manipulator3', 'dependencies': OrderedDict()}
[0.000733] (manipulator3) JobStarted: {'identifier': 'manipulator3'}
[0.008129] (manipulator3) JobProgress: {'identifier': 'manipulator3', 'progress': 'cmake'}
[0.008688] (manipulator3) JobProgress: {'identifier': 'manipulator3', 'progress': 'build'}
[0.009329] (manipulator3) Command: {'cmd': ['/usr/bin/cmake', '--build', '/home/ros2_ws/build/manipulator3', '--', '-j8', '-l8'], 'cwd': '/home/ros2_ws/build/manipulator3', 'env': OrderedDict([('HOSTNAME', 'gabriel-550XDA'), ('GIT_ASKPASS', '/home/ros2_ws/.vscode-server/bin/138f619c86f1199955d53b4166bef66ef252935c/extensions/git/dist/askpass.sh'), ('SHLVL', '2'), ('LD_LIBRARY_PATH', '/usr/lib/x86_64-linux-gnu/gazebo-11/plugins:/opt/ros/humble/opt/rviz_ogre_vendor/lib:/opt/ros/humble/lib/x86_64-linux-gnu:/opt/ros/humble/lib'), ('BROWSER', '/home/ros2_ws/.vscode-server/bin/138f619c86f1199955d53b4166bef66ef252935c/bin/helpers/browser.sh'), ('HOME', '/home/ros2_ws'), ('TERM_PROGRAM_VERSION', '1.96.0'), ('VSCODE_IPC_HOOK_CLI', '/tmp/runtime-ros2_ws/vscode-ipc-e70f2a6c-da43-4517-8135-5078100b004a.sock'), ('ROS_PYTHON_VERSION', '3'), ('VSCODE_GIT_ASKPASS_MAIN', '/home/ros2_ws/.vscode-server/bin/138f619c86f1199955d53b4166bef66ef252935c/extensions/git/dist/askpass-main.js'), ('VSCODE_GIT_ASKPASS_NODE', '/home/ros2_ws/.vscode-server/bin/138f619c86f1199955d53b4166bef66ef252935c/node'), ('COLORTERM', 'truecolor'), ('REMOTE_CONTAINERS', 'true'), ('COLCON_PREFIX_PATH', '/home/ros2_ws/install'), ('ROS_DISTRO', 'humble'), ('REMOTE_CONTAINERS_IPC', '/tmp/vscode-remote-containers-ipc-fd4cbcfc-52e8-400a-bfda-950c0db3d7e1.sock'), ('_', '/usr/bin/colcon'), ('ROS_VERSION', '2'), ('TERM', 'xterm-256color'), ('ROS_LOCALHOST_ONLY', '0'), ('QT_X11_NO_MITSHM', '1'), ('PATH', '/opt/ros/humble/bin:/home/ros2_ws/.vscode-server/bin/138f619c86f1199955d53b4166bef66ef252935c/bin/remote-cli:/usr/local/sbin:/usr/local/bin:/usr/sbin:/usr/bin:/sbin:/bin'), ('XDG_RUNTIME_DIR', '/tmp/runtime-ros2_ws'), ('REMOTE_CONTAINERS_SOCKETS', '["/tmp/vscode-ssh-auth-fd4cbcfc-52e8-400a-bfda-950c0db3d7e1.sock","/home/ros2_ws/.gnupg/S.gpg-agent"]'), ('DISPLAY', ':0'), ('LANG', 'C.UTF-8'), ('VSCODE_GIT_IPC_HANDLE', '/tmp/runtime-ros2_ws/vscode-git-ef65eb2e77.sock'), ('TERM_PROGRAM', 'vscode'), ('SSH_AUTH_SOCK', '/tmp/vscode-ssh-auth-fd4cbcfc-52e8-400a-bfda-950c0db3d7e1.sock'), ('AMENT_PREFIX_PATH', '/home/ros2_ws/install/manipulator3:/opt/ros/humble'), ('SHELL', '/bin/bash'), ('VSCODE_GIT_ASKPASS_EXTRA_ARGS', ''), ('PWD', '/home/ros2_ws/build/manipulator3'), ('LC_ALL', 'C.UTF-8'), ('GAZEBO_PLUGIN_PATH', '/usr/lib/x86_64-linux-gnu/gazebo-11/plugins:'), ('PYTHONPATH', '/opt/ros/humble/lib/python3.10/site-packages:/opt/ros/humble/local/lib/python3.10/dist-packages'), ('TZ', 'America/Sao_Paulo'), ('COLCON', '1'), ('CMAKE_PREFIX_PATH', '/home/ros2_ws/install/manipulator3:/opt/ros/humble')]), 'shell': False}
[0.040342] (manipulator3) CommandEnded: {'returncode': 0}
[0.055545] (manipulator3) JobProgress: {'identifier': 'manipulator3', 'progress': 'install'}
[0.061646] (manipulator3) Command: {'cmd': ['/usr/bin/cmake', '--install', '/home/ros2_ws/build/manipulator3'], 'cwd': '/home/ros2_ws/build/manipulator3', 'env': OrderedDict([('HOSTNAME', 'gabriel-550XDA'), ('GIT_ASKPASS', '/home/ros2_ws/.vscode-server/bin/138f619c86f1199955d53b4166bef66ef252935c/extensions/git/dist/askpass.sh'), ('SHLVL', '2'), ('LD_LIBRARY_PATH', '/usr/lib/x86_64-linux-gnu/gazebo-11/plugins:/opt/ros/humble/opt/rviz_ogre_vendor/lib:/opt/ros/humble/lib/x86_64-linux-gnu:/opt/ros/humble/lib'), ('BROWSER', '/home/ros2_ws/.vscode-server/bin/138f619c86f1199955d53b4166bef66ef252935c/bin/helpers/browser.sh'), ('HOME', '/home/ros2_ws'), ('TERM_PROGRAM_VERSION', '1.96.0'), ('VSCODE_IPC_HOOK_CLI', '/tmp/runtime-ros2_ws/vscode-ipc-e70f2a6c-da43-4517-8135-5078100b004a.sock'), ('ROS_PYTHON_VERSION', '3'), ('VSCODE_GIT_ASKPASS_MAIN', '/home/ros2_ws/.vscode-server/bin/138f619c86f1199955d53b4166bef66ef252935c/extensions/git/dist/askpass-main.js'), ('VSCODE_GIT_ASKPASS_NODE', '/home/ros2_ws/.vscode-server/bin/138f619c86f1199955d53b4166bef66ef252935c/node'), ('COLORTERM', 'truecolor'), ('REMOTE_CONTAINERS', 'true'), ('COLCON_PREFIX_PATH', '/home/ros2_ws/install'), ('ROS_DISTRO', 'humble'), ('REMOTE_CONTAINERS_IPC', '/tmp/vscode-remote-containers-ipc-fd4cbcfc-52e8-400a-bfda-950c0db3d7e1.sock'), ('_', '/usr/bin/colcon'), ('ROS_VERSION', '2'), ('TERM', 'xterm-256color'), ('ROS_LOCALHOST_ONLY', '0'), ('QT_X11_NO_MITSHM', '1'), ('PATH', '/opt/ros/humble/bin:/home/ros2_ws/.vscode-server/bin/138f619c86f1199955d53b4166bef66ef252935c/bin/remote-cli:/usr/local/sbin:/usr/local/bin:/usr/sbin:/usr/bin:/sbin:/bin'), ('XDG_RUNTIME_DIR', '/tmp/runtime-ros2_ws'), ('REMOTE_CONTAINERS_SOCKETS', '["/tmp/vscode-ssh-auth-fd4cbcfc-52e8-400a-bfda-950c0db3d7e1.sock","/home/ros2_ws/.gnupg/S.gpg-agent"]'), ('DISPLAY', ':0'), ('LANG', 'C.UTF-8'), ('VSCODE_GIT_IPC_HANDLE', '/tmp/runtime-ros2_ws/vscode-git-ef65eb2e77.sock'), ('TERM_PROGRAM', 'vscode'), ('SSH_AUTH_SOCK', '/tmp/vscode-ssh-auth-fd4cbcfc-52e8-400a-bfda-950c0db3d7e1.sock'), ('AMENT_PREFIX_PATH', '/home/ros2_ws/install/manipulator3:/opt/ros/humble'), ('SHELL', '/bin/bash'), ('VSCODE_GIT_ASKPASS_EXTRA_ARGS', ''), ('PWD', '/home/ros2_ws/build/manipulator3'), ('LC_ALL', 'C.UTF-8'), ('GAZEBO_PLUGIN_PATH', '/usr/lib/x86_64-linux-gnu/gazebo-11/plugins:'), ('PYTHONPATH', '/opt/ros/humble/lib/python3.10/site-packages:/opt/ros/humble/local/lib/python3.10/dist-packages'), ('TZ', 'America/Sao_Paulo'), ('COLCON', '1'), ('CMAKE_PREFIX_PATH', '/home/ros2_ws/install/manipulator3:/opt/ros/humble')]), 'shell': False}
[0.066813] (manipulator3) StdoutLine: {'line': b'-- Install configuration: ""\n'}
[0.067051] (manipulator3) StdoutLine: {'line': b'-- Up-to-date: /home/ros2_ws/install/manipulator3/share/manipulator3/launch\n'}
[0.067130] (manipulator3) StdoutLine: {'line': b'-- Up-to-date: /home/ros2_ws/install/manipulator3/share/manipulator3/launch/endeffector_calculator.py\n'}
[0.067186] (manipulator3) StdoutLine: {'line': b'-- Up-to-date: /home/ros2_ws/install/manipulator3/share/manipulator3/launch/joint_publisher.py\n'}
[0.067240] (manipulator3) StdoutLine: {'line': b'-- Up-to-date: /home/ros2_ws/install/manipulator3/share/manipulator3/launch/gazebo.launch.py\n'}
[0.067293] (manipulator3) StdoutLine: {'line': b'-- Up-to-date: /home/ros2_ws/install/manipulator3/share/manipulator3/launch/display.launch.py\n'}
[0.067346] (manipulator3) StdoutLine: {'line': b'-- Up-to-date: /home/ros2_ws/install/manipulator3/share/manipulator3/urdf\n'}
[0.067399] (manipulator3) StdoutLine: {'line': b'-- Up-to-date: /home/ros2_ws/install/manipulator3/share/manipulator3/urdf/cores.xacro\n'}
[0.067452] (manipulator3) StdoutLine: {'line': b'-- Up-to-date: /home/ros2_ws/install/manipulator3/share/manipulator3/urdf/manipulator3.urdf.xacro\n'}
[0.067504] (manipulator3) StdoutLine: {'line': b'-- Up-to-date: /home/ros2_ws/install/manipulator3/share/manipulator3/urdf/manipulator3_gazebo.xacro\n'}
[0.067556] (manipulator3) StdoutLine: {'line': b'-- Up-to-date: /home/ros2_ws/install/manipulator3/share/manipulator3/meshes\n'}
[0.067608] (manipulator3) StdoutLine: {'line': b'-- Up-to-date: /home/ros2_ws/install/manipulator3/share/manipulator3/meshes/vertical2.stl\n'}
[0.067660] (manipulator3) StdoutLine: {'line': b'-- Up-to-date: /home/ros2_ws/install/manipulator3/share/manipulator3/meshes/endeffec.stl\n'}
[0.067754] (manipulator3) StdoutLine: {'line': b'-- Up-to-date: /home/ros2_ws/install/manipulator3/share/manipulator3/meshes/redonda.stl\n'}
[0.067805] (manipulator3) StdoutLine: {'line': b'-- Up-to-date: /home/ros2_ws/install/manipulator3/share/manipulator3/meshes/vertical1.stl\n'}
[0.067856] (manipulator3) StdoutLine: {'line': b'-- Up-to-date: /home/ros2_ws/install/manipulator3/share/manipulator3/meshes/horizontal1.stl\n'}
[0.067906] (manipulator3) StdoutLine: {'line': b'-- Up-to-date: /home/ros2_ws/install/manipulator3/share/manipulator3/meshes/horizontal2.stl\n'}
[0.067955] (manipulator3) StdoutLine: {'line': b'-- Up-to-date: /home/ros2_ws/install/manipulator3/share/manipulator3/rviz2\n'}
[0.068008] (manipulator3) StdoutLine: {'line': b'-- Up-to-date: /home/ros2_ws/install/manipulator3/share/manipulator3/rviz2/display.rviz\n'}
[0.068059] (manipulator3) StdoutLine: {'line': b'-- Up-to-date: /home/ros2_ws/install/manipulator3/share/ament_index/resource_index/package_run_dependencies/manipulator3\n'}
[0.068109] (manipulator3) StdoutLine: {'line': b'-- Up-to-date: /home/ros2_ws/install/manipulator3/share/ament_index/resource_index/parent_prefix_path/manipulator3\n'}
[0.068159] (manipulator3) StdoutLine: {'line': b'-- Up-to-date: /home/ros2_ws/install/manipulator3/share/manipulator3/environment/ament_prefix_path.sh\n'}
[0.068209] (manipulator3) StdoutLine: {'line': b'-- Up-to-date: /home/ros2_ws/install/manipulator3/share/manipulator3/environment/ament_prefix_path.dsv\n'}
[0.068260] (manipulator3) StdoutLine: {'line': b'-- Up-to-date: /home/ros2_ws/install/manipulator3/share/manipulator3/environment/path.sh\n'}
[0.068310] (manipulator3) StdoutLine: {'line': b'-- Up-to-date: /home/ros2_ws/install/manipulator3/share/manipulator3/environment/path.dsv\n'}
[0.068359] (manipulator3) StdoutLine: {'line': b'-- Up-to-date: /home/ros2_ws/install/manipulator3/share/manipulator3/local_setup.bash\n'}
[0.068410] (manipulator3) StdoutLine: {'line': b'-- Up-to-date: /home/ros2_ws/install/manipulator3/share/manipulator3/local_setup.sh\n'}
[0.068462] (manipulator3) StdoutLine: {'line': b'-- Up-to-date: /home/ros2_ws/install/manipulator3/share/manipulator3/local_setup.zsh\n'}
[0.068513] (manipulator3) StdoutLine: {'line': b'-- Up-to-date: /home/ros2_ws/install/manipulator3/share/manipulator3/local_setup.dsv\n'}
[0.068565] (manipulator3) StdoutLine: {'line': b'-- Up-to-date: /home/ros2_ws/install/manipulator3/share/manipulator3/package.dsv\n'}
[0.068617] (manipulator3) StdoutLine: {'line': b'-- Up-to-date: /home/ros2_ws/install/manipulator3/share/ament_index/resource_index/packages/manipulator3\n'}
[0.068668] (manipulator3) StdoutLine: {'line': b'-- Up-to-date: /home/ros2_ws/install/manipulator3/share/manipulator3/cmake/manipulator3Config.cmake\n'}
[0.068719] (manipulator3) StdoutLine: {'line': b'-- Up-to-date: /home/ros2_ws/install/manipulator3/share/manipulator3/cmake/manipulator3Config-version.cmake\n'}
[0.068793] (manipulator3) StdoutLine: {'line': b'-- Up-to-date: /home/ros2_ws/install/manipulator3/share/manipulator3/package.xml\n'}
[0.069270] (manipulator3) CommandEnded: {'returncode': 0}
[0.096875] (manipulator3) JobEnded: {'identifier': 'manipulator3', 'rc': 0}
[0.097445] (-) EventReactorShutdown: {}
