2024-12-15 01:47:22.151 [info] O experimento 'pythonRecommendTensorboardExt' está ativo
2024-12-15 01:47:22.151 [info] O experimento 'pythonTerminalEnvVarActivation' está ativo
2024-12-15 01:47:22.151 [info] O experimento 'pythonTestAdapter' está ativo
2024-12-15 01:47:22.151 [warning] Dir "/home/ros2_ws/src/.pixi/envs" is not watchable (directory does not exist)
2024-12-15 01:47:22.191 [info] Starting Environment refresh
2024-12-15 01:47:22.523 [info] > hatch env show --json
2024-12-15 01:47:22.523 [info] cwd: .
2024-12-15 01:47:22.525 [info] Caminho do interpretador Python: /bin/python3
2024-12-15 01:47:22.554 [info] Starting Environment refresh
2024-12-15 01:47:22.559 [info] > /bin/python3 -I ~/.vscode-server/extensions/ms-python.python-2024.22.0-linux-x64/python_files/get_output_via_markers.py ~/.vscode-server/extensions/ms-python.python-2024.22.0-linux-x64/python_files/interpreterInfo.py
2024-12-15 01:47:22.559 [info] Environments refresh paths discovered: 370 milliseconds
2024-12-15 01:47:22.644 [info] Environments refresh finished (event): 455 milliseconds
2024-12-15 01:47:22.647 [info] Environment refresh took 457 milliseconds
2024-12-15 01:47:22.653 [info] Environments refresh finished (event): 99 milliseconds
2024-12-15 01:47:22.653 [info] Environments refresh paths discovered: 99 milliseconds
2024-12-15 01:47:22.654 [info] Environment refresh took 101 milliseconds
2024-12-15 01:47:22.658 [info] > pyenv which python
2024-12-15 01:47:22.658 [info] cwd: .
2024-12-15 01:47:33.208 [info] Iniciando servidor de idiomas Pylance.
2024-12-15 01:51:39.863 [info] Discover tests for workspace name: src - uri: /home/ros2_ws/src/manipulator3/launch/display.launch.py
2024-12-15 01:51:42.864 [info] Discover tests for workspace name: src - uri: /home/ros2_ws/src/manipulator3/launch/display.launch.py
2024-12-15 01:52:27.382 [info] Discover tests for workspace name: src - uri: /home/ros2_ws/src/manipulator3/launch/display.launch.py
2024-12-15 01:52:27.718 [info] Discover tests for workspace name: src - uri: /home/ros2_ws/src/manipulator3/launch/display.launch.py
