2024-12-15 02:06:25.325 [info] [principal] Nível de log: Info
2024-12-15 02:06:25.325 [info] [principal] Validando o git encontrado em: "git"
2024-12-15 02:06:25.325 [info] [principal] Usando git "2.34.1" de "git"
2024-12-15 02:06:25.325 [info] [Model][doInitialScan] Initial repository scan started
2024-12-15 02:06:25.325 [info] > git rev-parse --show-toplevel [1ms]
2024-12-15 02:06:25.325 [info] fatal: not a git repository (or any parent up to mount point /home)
Stopping at filesystem boundary (GIT_DISCOVERY_ACROSS_FILESYSTEM not set).
2024-12-15 02:06:25.325 [info] > git rev-parse --show-toplevel [2ms]
2024-12-15 02:06:25.325 [info] fatal: not a git repository (or any parent up to mount point /home)
Stopping at filesystem boundary (GIT_DISCOVERY_ACROSS_FILESYSTEM not set).
2024-12-15 02:06:25.325 [info] > git rev-parse --show-toplevel [1ms]
2024-12-15 02:06:25.325 [info] fatal: not a git repository (or any parent up to mount point /home)
Stopping at filesystem boundary (GIT_DISCOVERY_ACROSS_FILESYSTEM not set).
2024-12-15 02:06:25.328 [info] [Model][doInitialScan] Initial repository scan completed - repositories (0), closed repositories (0), parent repositories (0), unsafe repositories (0)
2024-12-15 02:06:26.063 [info] > git rev-parse --show-toplevel [4ms]
2024-12-15 02:06:26.063 [info] fatal: not a git repository (or any parent up to mount point /home)
Stopping at filesystem boundary (GIT_DISCOVERY_ACROSS_FILESYSTEM not set).
2024-12-15 02:06:39.042 [info] > git rev-parse --show-toplevel [1ms]
2024-12-15 02:06:39.042 [info] fatal: not a git repository (or any parent up to mount point /home)
Stopping at filesystem boundary (GIT_DISCOVERY_ACROSS_FILESYSTEM not set).
2024-12-15 02:06:42.350 [info] > git rev-parse --show-toplevel [1ms]
2024-12-15 02:06:42.350 [info] fatal: not a git repository (or any parent up to mount point /home)
Stopping at filesystem boundary (GIT_DISCOVERY_ACROSS_FILESYSTEM not set).
2024-12-15 02:06:57.660 [info] > git rev-parse --show-toplevel [1ms]
2024-12-15 02:06:57.660 [info] fatal: not a git repository (or any parent up to mount point /home)
Stopping at filesystem boundary (GIT_DISCOVERY_ACROSS_FILESYSTEM not set).
2024-12-15 02:06:58.591 [info] > git rev-parse --show-toplevel [13ms]
2024-12-15 02:06:58.592 [info] fatal: not a git repository (or any parent up to mount point /home)
Stopping at filesystem boundary (GIT_DISCOVERY_ACROSS_FILESYSTEM not set).
2024-12-15 02:08:04.004 [info] > git rev-parse --show-toplevel [1ms]
2024-12-15 02:08:04.004 [info] fatal: not a git repository (or any parent up to mount point /home)
Stopping at filesystem boundary (GIT_DISCOVERY_ACROSS_FILESYSTEM not set).
