[0.000000] (-) TimerEvent: {}
[0.000275] (manipulator3) JobQueued: {'identifier': 'manipulator3', 'dependencies': OrderedDict()}
[0.000319] (manipulator3) JobStarted: {'identifier': 'manipulator3'}
[0.007454] (manipulator3) JobProgress: {'identifier': 'manipulator3', 'progress': 'cmake'}
[0.007882] (manipulator3) JobProgress: {'identifier': 'manipulator3', 'progress': 'build'}
[0.008528] (manipulator3) Command: {'cmd': ['/usr/bin/cmake', '--build', '/home/ros2_ws/build/manipulator3', '--', '-j8', '-l8'], 'cwd': '/home/ros2_ws/build/manipulator3', 'env': OrderedDict([('HOSTNAME', 'gabriel-550XDA'), ('GIT_ASKPASS', '/home/ros2_ws/.vscode-server/bin/65edc4939843c90c34d61f4ce11704f09d3e5cb6/extensions/git/dist/askpass.sh'), ('SHLVL', '2'), ('LD_LIBRARY_PATH', '/usr/lib/x86_64-linux-gnu/gazebo-11/plugins:/opt/ros/humble/opt/rviz_ogre_vendor/lib:/opt/ros/humble/lib/x86_64-linux-gnu:/opt/ros/humble/lib'), ('BROWSER', '/home/ros2_ws/.vscode-server/bin/65edc4939843c90c34d61f4ce11704f09d3e5cb6/bin/helpers/browser.sh'), ('HOME', '/home/ros2_ws'), ('TERM_PROGRAM_VERSION', '1.95.1'), ('VSCODE_IPC_HOOK_CLI', '/tmp/runtime-ros2_ws/vscode-ipc-0e1dd9f2-dcb8-422a-b630-7f68aa898cbc.sock'), ('ROS_PYTHON_VERSION', '3'), ('VSCODE_GIT_ASKPASS_MAIN', '/home/ros2_ws/.vscode-server/bin/65edc4939843c90c34d61f4ce11704f09d3e5cb6/extensions/git/dist/askpass-main.js'), ('VSCODE_GIT_ASKPASS_NODE', '/home/ros2_ws/.vscode-server/bin/65edc4939843c90c34d61f4ce11704f09d3e5cb6/node'), ('COLORTERM', 'truecolor'), ('REMOTE_CONTAINERS', 'true'), ('COLCON_PREFIX_PATH', '/home/ros2_ws/install'), ('ROS_DISTRO', 'humble'), ('REMOTE_CONTAINERS_IPC', '/tmp/vscode-remote-containers-ipc-b05e7bbd-3e14-4495-be85-190e6fe03163.sock'), ('_', '/usr/bin/colcon'), ('ROS_VERSION', '2'), ('TERM', 'xterm-256color'), ('ROS_LOCALHOST_ONLY', '0'), ('QT_X11_NO_MITSHM', '1'), ('PATH', '/opt/ros/humble/bin:/home/ros2_ws/.vscode-server/bin/65edc4939843c90c34d61f4ce11704f09d3e5cb6/bin/remote-cli:/usr/local/sbin:/usr/local/bin:/usr/sbin:/usr/bin:/sbin:/bin'), ('XDG_RUNTIME_DIR', '/tmp/runtime-ros2_ws'), ('REMOTE_CONTAINERS_SOCKETS', '["/tmp/vscode-ssh-auth-b05e7bbd-3e14-4495-be85-190e6fe03163.sock","/home/ros2_ws/.gnupg/S.gpg-agent"]'), ('DISPLAY', ':0'), ('LANG', 'C.UTF-8'), ('VSCODE_GIT_IPC_HANDLE', '/tmp/runtime-ros2_ws/vscode-git-ef65eb2e77.sock'), ('TERM_PROGRAM', 'vscode'), ('SSH_AUTH_SOCK', '/tmp/vscode-ssh-auth-b05e7bbd-3e14-4495-be85-190e6fe03163.sock'), ('AMENT_PREFIX_PATH', '/home/ros2_ws/install/robot_description:/home/ros2_ws/install/manipulator3:/opt/ros/humble'), ('SHELL', '/bin/bash'), ('VSCODE_GIT_ASKPASS_EXTRA_ARGS', ''), ('PWD', '/home/ros2_ws/build/manipulator3'), ('LC_ALL', 'C.UTF-8'), ('GAZEBO_PLUGIN_PATH', '/usr/lib/x86_64-linux-gnu/gazebo-11/plugins:'), ('PYTHONPATH', '/opt/ros/humble/lib/python3.10/site-packages:/opt/ros/humble/local/lib/python3.10/dist-packages'), ('TZ', 'America/Sao_Paulo'), ('COLCON', '1'), ('CMAKE_PREFIX_PATH', '/home/ros2_ws/install/robot_description:/home/ros2_ws/install/manipulator3:/opt/ros/humble')]), 'shell': False}
[0.041308] (manipulator3) CommandEnded: {'returncode': 0}
[0.055396] (manipulator3) JobProgress: {'identifier': 'manipulator3', 'progress': 'install'}
[0.061958] (manipulator3) Command: {'cmd': ['/usr/bin/cmake', '--install', '/home/ros2_ws/build/manipulator3'], 'cwd': '/home/ros2_ws/build/manipulator3', 'env': OrderedDict([('HOSTNAME', 'gabriel-550XDA'), ('GIT_ASKPASS', '/home/ros2_ws/.vscode-server/bin/65edc4939843c90c34d61f4ce11704f09d3e5cb6/extensions/git/dist/askpass.sh'), ('SHLVL', '2'), ('LD_LIBRARY_PATH', '/usr/lib/x86_64-linux-gnu/gazebo-11/plugins:/opt/ros/humble/opt/rviz_ogre_vendor/lib:/opt/ros/humble/lib/x86_64-linux-gnu:/opt/ros/humble/lib'), ('BROWSER', '/home/ros2_ws/.vscode-server/bin/65edc4939843c90c34d61f4ce11704f09d3e5cb6/bin/helpers/browser.sh'), ('HOME', '/home/ros2_ws'), ('TERM_PROGRAM_VERSION', '1.95.1'), ('VSCODE_IPC_HOOK_CLI', '/tmp/runtime-ros2_ws/vscode-ipc-0e1dd9f2-dcb8-422a-b630-7f68aa898cbc.sock'), ('ROS_PYTHON_VERSION', '3'), ('VSCODE_GIT_ASKPASS_MAIN', '/home/ros2_ws/.vscode-server/bin/65edc4939843c90c34d61f4ce11704f09d3e5cb6/extensions/git/dist/askpass-main.js'), ('VSCODE_GIT_ASKPASS_NODE', '/home/ros2_ws/.vscode-server/bin/65edc4939843c90c34d61f4ce11704f09d3e5cb6/node'), ('COLORTERM', 'truecolor'), ('REMOTE_CONTAINERS', 'true'), ('COLCON_PREFIX_PATH', '/home/ros2_ws/install'), ('ROS_DISTRO', 'humble'), ('REMOTE_CONTAINERS_IPC', '/tmp/vscode-remote-containers-ipc-b05e7bbd-3e14-4495-be85-190e6fe03163.sock'), ('_', '/usr/bin/colcon'), ('ROS_VERSION', '2'), ('TERM', 'xterm-256color'), ('ROS_LOCALHOST_ONLY', '0'), ('QT_X11_NO_MITSHM', '1'), ('PATH', '/opt/ros/humble/bin:/home/ros2_ws/.vscode-server/bin/65edc4939843c90c34d61f4ce11704f09d3e5cb6/bin/remote-cli:/usr/local/sbin:/usr/local/bin:/usr/sbin:/usr/bin:/sbin:/bin'), ('XDG_RUNTIME_DIR', '/tmp/runtime-ros2_ws'), ('REMOTE_CONTAINERS_SOCKETS', '["/tmp/vscode-ssh-auth-b05e7bbd-3e14-4495-be85-190e6fe03163.sock","/home/ros2_ws/.gnupg/S.gpg-agent"]'), ('DISPLAY', ':0'), ('LANG', 'C.UTF-8'), ('VSCODE_GIT_IPC_HANDLE', '/tmp/runtime-ros2_ws/vscode-git-ef65eb2e77.sock'), ('TERM_PROGRAM', 'vscode'), ('SSH_AUTH_SOCK', '/tmp/vscode-ssh-auth-b05e7bbd-3e14-4495-be85-190e6fe03163.sock'), ('AMENT_PREFIX_PATH', '/home/ros2_ws/install/robot_description:/home/ros2_ws/install/manipulator3:/opt/ros/humble'), ('SHELL', '/bin/bash'), ('VSCODE_GIT_ASKPASS_EXTRA_ARGS', ''), ('PWD', '/home/ros2_ws/build/manipulator3'), ('LC_ALL', 'C.UTF-8'), ('GAZEBO_PLUGIN_PATH', '/usr/lib/x86_64-linux-gnu/gazebo-11/plugins:'), ('PYTHONPATH', '/opt/ros/humble/lib/python3.10/site-packages:/opt/ros/humble/local/lib/python3.10/dist-packages'), ('TZ', 'America/Sao_Paulo'), ('COLCON', '1'), ('CMAKE_PREFIX_PATH', '/home/ros2_ws/install/robot_description:/home/ros2_ws/install/manipulator3:/opt/ros/humble')]), 'shell': False}
[0.068899] (manipulator3) StdoutLine: {'line': b'-- Install configuration: ""\n'}
[0.069151] (manipulator3) StdoutLine: {'line': b'-- Up-to-date: /home/ros2_ws/install/manipulator3/share/manipulator3/launch\n'}
[0.069329] (manipulator3) StdoutLine: {'line': b'-- Up-to-date: /home/ros2_ws/install/manipulator3/share/manipulator3/launch/gazebo.launch.py\n'}
[0.069415] (manipulator3) StdoutLine: {'line': b'-- Up-to-date: /home/ros2_ws/install/manipulator3/share/manipulator3/launch/display.py\n'}
[0.069533] (manipulator3) StdoutLine: {'line': b'-- Up-to-date: /home/ros2_ws/install/manipulator3/share/manipulator3/urdf\n'}
[0.069615] (manipulator3) StdoutLine: {'line': b'-- Up-to-date: /home/ros2_ws/install/manipulator3/share/manipulator3/urdf/cores.xacro\n'}
[0.069697] (manipulator3) StdoutLine: {'line': b'-- Up-to-date: /home/ros2_ws/install/manipulator3/share/manipulator3/urdf/manipulator3.urdf.xacro\n'}
[0.069777] (manipulator3) StdoutLine: {'line': b'-- Up-to-date: /home/ros2_ws/install/manipulator3/share/manipulator3/config\n'}
[0.069927] (manipulator3) StdoutLine: {'line': b'-- Up-to-date: /home/ros2_ws/install/manipulator3/share/manipulator3/config/link2_inertia.yaml\n'}
[0.070007] (manipulator3) StdoutLine: {'line': b'-- Up-to-date: /home/ros2_ws/install/manipulator3/share/manipulator3/config/controllers.yaml\n'}
[0.070084] (manipulator3) StdoutLine: {'line': b'-- Up-to-date: /home/ros2_ws/install/manipulator3/share/manipulator3/meshes\n'}
[0.070167] (manipulator3) StdoutLine: {'line': b'-- Up-to-date: /home/ros2_ws/install/manipulator3/share/manipulator3/meshes/vertical2.stl\n'}
[0.070244] (manipulator3) StdoutLine: {'line': b'-- Up-to-date: /home/ros2_ws/install/manipulator3/share/manipulator3/meshes/endeffec.stl\n'}
[0.070321] (manipulator3) StdoutLine: {'line': b'-- Up-to-date: /home/ros2_ws/install/manipulator3/share/manipulator3/meshes/redonda.stl\n'}
[0.070399] (manipulator3) StdoutLine: {'line': b'-- Up-to-date: /home/ros2_ws/install/manipulator3/share/manipulator3/meshes/vertical1.stl\n'}
[0.070473] (manipulator3) StdoutLine: {'line': b'-- Up-to-date: /home/ros2_ws/install/manipulator3/share/manipulator3/meshes/horizontal1.stl\n'}
[0.070546] (manipulator3) StdoutLine: {'line': b'-- Up-to-date: /home/ros2_ws/install/manipulator3/share/manipulator3/meshes/horizontal2.stl\n'}
[0.070618] (manipulator3) StdoutLine: {'line': b'-- Up-to-date: /home/ros2_ws/install/manipulator3/share/manipulator3/rviz2\n'}
[0.070708] (manipulator3) StdoutLine: {'line': b'-- Up-to-date: /home/ros2_ws/install/manipulator3/share/manipulator3/rviz2/display.rviz\n'}
[0.070779] (manipulator3) StdoutLine: {'line': b'-- Up-to-date: /home/ros2_ws/install/manipulator3/share/ament_index/resource_index/package_run_dependencies/manipulator3\n'}
[0.070850] (manipulator3) StdoutLine: {'line': b'-- Up-to-date: /home/ros2_ws/install/manipulator3/share/ament_index/resource_index/parent_prefix_path/manipulator3\n'}
[0.070921] (manipulator3) StdoutLine: {'line': b'-- Up-to-date: /home/ros2_ws/install/manipulator3/share/manipulator3/environment/ament_prefix_path.sh\n'}
[0.070991] (manipulator3) StdoutLine: {'line': b'-- Up-to-date: /home/ros2_ws/install/manipulator3/share/manipulator3/environment/ament_prefix_path.dsv\n'}
[0.071074] (manipulator3) StdoutLine: {'line': b'-- Up-to-date: /home/ros2_ws/install/manipulator3/share/manipulator3/environment/path.sh\n'}
[0.071160] (manipulator3) StdoutLine: {'line': b'-- Up-to-date: /home/ros2_ws/install/manipulator3/share/manipulator3/environment/path.dsv\n'}
[0.071246] (manipulator3) StdoutLine: {'line': b'-- Up-to-date: /home/ros2_ws/install/manipulator3/share/manipulator3/local_setup.bash\n'}
[0.071330] (manipulator3) StdoutLine: {'line': b'-- Up-to-date: /home/ros2_ws/install/manipulator3/share/manipulator3/local_setup.sh\n'}
[0.071414] (manipulator3) StdoutLine: {'line': b'-- Up-to-date: /home/ros2_ws/install/manipulator3/share/manipulator3/local_setup.zsh\n'}
[0.071500] (manipulator3) StdoutLine: {'line': b'-- Up-to-date: /home/ros2_ws/install/manipulator3/share/manipulator3/local_setup.dsv\n'}
[0.071618] (manipulator3) StdoutLine: {'line': b'-- Up-to-date: /home/ros2_ws/install/manipulator3/share/manipulator3/package.dsv\n'}
[0.071703] (manipulator3) StdoutLine: {'line': b'-- Up-to-date: /home/ros2_ws/install/manipulator3/share/ament_index/resource_index/packages/manipulator3\n'}
[0.071785] (manipulator3) StdoutLine: {'line': b'-- Up-to-date: /home/ros2_ws/install/manipulator3/share/manipulator3/cmake/manipulator3Config.cmake\n'}
[0.071866] (manipulator3) StdoutLine: {'line': b'-- Up-to-date: /home/ros2_ws/install/manipulator3/share/manipulator3/cmake/manipulator3Config-version.cmake\n'}
[0.071946] (manipulator3) StdoutLine: {'line': b'-- Up-to-date: /home/ros2_ws/install/manipulator3/share/manipulator3/package.xml\n'}
[0.072688] (manipulator3) CommandEnded: {'returncode': 0}
[0.099587] (-) TimerEvent: {}
[0.100218] (manipulator3) JobEnded: {'identifier': 'manipulator3', 'rc': 0}
[0.100710] (-) EventReactorShutdown: {}
