2024-12-15 22:26:19.352 [info] (Client) Pylance async client (2024.12.1) started with python extension (2024.22.0)
2024-12-15 22:26:19.741 [info] [Info  - 10:26:19 PM] (587) Server root directory: file:///home/ros2_ws/.vscode-server/extensions/ms-python.vscode-pylance-2024.12.1/dist
2024-12-15 22:26:19.741 [info] [Info  - 10:26:19 PM] (587) Pylance language server 2024.12.1 (pyright version 1.1.389, commit ce1325fc) starting
2024-12-15 22:26:19.741 [info] [Info  - 10:26:19 PM] (587) Starting service instance "ros2_ws"
2024-12-15 22:26:19.774 [info] [Info  - 10:26:19 PM] (587) Setting environmentName for service "ros2_ws": "3.10.12 (global)"
2024-12-15 22:26:19.774 [info] [Info  - 10:26:19 PM] (587) Setting pythonPath for service "ros2_ws": "/bin/python3"
2024-12-15 22:26:19.774 [info] [Info  - 10:26:19 PM] (587) No include entries specified; assuming /home/ros2_ws
2024-12-15 22:26:19.779 [info] [Info  - 10:26:19 PM] (587) Auto-excluding **/node_modules
2024-12-15 22:26:19.779 [info] [Info  - 10:26:19 PM] (587) Auto-excluding **/__pycache__
2024-12-15 22:26:19.779 [info] [Info  - 10:26:19 PM] (587) Auto-excluding **/.*
2024-12-15 22:26:19.796 [info] [Info  - 10:26:19 PM] (587) Assuming Python version 3.10.12.final.0
2024-12-15 22:26:19.899 [info] [Info  - 10:26:19 PM] (587) Found 12 source files
2024-12-15 22:26:20.205 [info] [Info  - 10:26:20 PM] (587) Background analysis(1) root directory: file:///home/ros2_ws/.vscode-server/extensions/ms-python.vscode-pylance-2024.12.1/dist
2024-12-15 22:26:20.208 [info] [Info  - 10:26:20 PM] (587) Background analysis(1) started
2024-12-15 22:26:20.330 [info] [Info  - 10:26:20 PM] (587) Indexer background runner(2) root directory: file:///home/ros2_ws/.vscode-server/extensions/ms-python.vscode-pylance-2024.12.1/dist (index)
2024-12-15 22:26:20.330 [info] [Info  - 10:26:20 PM] (587) Indexing(2) started
2024-12-15 22:26:20.874 [info] [Info  - 10:26:20 PM] (587) scanned(2) 196 files over 1 exec env
2024-12-15 22:26:21.144 [info] [Info  - 10:26:21 PM] (587) indexed(2) 196 files over 1 exec env
2024-12-15 22:26:21.197 [info] [Info  - 10:26:21 PM] (587) Indexing finished(2).
2024-12-15 22:26:57.839 [info] [Info  - 10:26:57 PM] (587) Found 12 source files
2024-12-15 22:42:27.089 [info] [Info  - 10:42:27 PM] (587) Found 13 source files
2024-12-15 22:43:13.794 [info] [Info  - 10:43:13 PM] (587) Found 14 source files
