2024-12-15 14:24:31.789 [info] Extension host with pid 371 started
2024-12-15 14:24:31.789 [error] Error: EEXIST: file already exists, open '/home/ros2_ws/.vscode-server/data/User/workspaceStorage/564bf516cc71c5787500cc866f62f92d/vscode.lock'
2024-12-15 14:24:31.803 [info] Lock '/home/ros2_ws/.vscode-server/data/User/workspaceStorage/564bf516cc71c5787500cc866f62f92d/vscode.lock': Could not acquire lock, checking if the file is stale.
2024-12-15 14:24:31.806 [info] Lock '/home/ros2_ws/.vscode-server/data/User/workspaceStorage/564bf516cc71c5787500cc866f62f92d/vscode.lock': The pid 1125 appears to be gone.
2024-12-15 14:24:31.806 [info] Lock '/home/ros2_ws/.vscode-server/data/User/workspaceStorage/564bf516cc71c5787500cc866f62f92d/vscode.lock': Deleting a stale lock.
2024-12-15 14:24:31.823 [info] Lock '/home/ros2_ws/.vscode-server/data/User/workspaceStorage/564bf516cc71c5787500cc866f62f92d/vscode.lock': Lock acquired.
2024-12-15 14:24:31.858 [info] ExtensionService#_doActivateExtension vscode.emmet, startup: false, activationEvent: 'onLanguage'
2024-12-15 14:24:32.142 [info] ExtensionService#_doActivateExtension vscode.git-base, startup: true, activationEvent: '*', root cause: vscode.git
2024-12-15 14:24:32.334 [info] ExtensionService#_doActivateExtension vscode.git, startup: true, activationEvent: '*'
2024-12-15 14:24:32.334 [info] ExtensionService#_doActivateExtension vscode.github, startup: true, activationEvent: '*'
2024-12-15 14:24:32.777 [info] Eager extensions activated
2024-12-15 14:24:32.777 [info] ExtensionService#_doActivateExtension vscode.debug-auto-launch, startup: false, activationEvent: 'onStartupFinished'
2024-12-15 14:24:32.778 [info] ExtensionService#_doActivateExtension vscode.merge-conflict, startup: false, activationEvent: 'onStartupFinished'
2024-12-15 14:25:04.588 [info] ExtensionService#_doActivateExtension vscode.npm, startup: false, activationEvent: 'onTerminalQuickFixRequest:ms-vscode.npm-command'
2024-12-15 14:25:09.891 [info] ExtensionService#_doActivateExtension vscode.configuration-editing, startup: false, activationEvent: 'onLanguage:json'
2024-12-15 14:25:09.892 [info] ExtensionService#_doActivateExtension vscode.extension-editing, startup: false, activationEvent: 'onLanguage:json'
2024-12-15 14:25:09.892 [info] ExtensionService#_doActivateExtension vscode.json-language-features, startup: false, activationEvent: 'onLanguage:json'
2024-12-15 15:01:31.127 [info] ExtensionService#_doActivateExtension ms-python.python, startup: false, activationEvent: 'onLanguage:python', root cause: ms-python.debugpy
2024-12-15 15:01:31.380 [warning] Using default string since no string found in i18n bundle that has the key: Source map support is enabled in the Python Extension, this will adversely impact performance of the extension.
2024-12-15 15:01:31.380 [warning] Using default string since no string found in i18n bundle that has the key: Disable Source Map Support
2024-12-15 15:01:31.380 [warning] Using default string since no string found in i18n bundle that has the key: Enabling source map support in the Python Extension will adversely impact performance of the extension.
2024-12-15 15:01:31.380 [warning] Using default string since no string found in i18n bundle that has the key: Enable and reload Window.
2024-12-15 15:01:31.549 [info] ExtensionService#_doActivateExtension ms-python.debugpy, startup: false, activationEvent: 'onLanguage:python'
2024-12-15 15:01:31.549 [info] ExtensionService#_doActivateExtension ms-python.vscode-pylance, startup: false, activationEvent: 'onLanguage:python'
2024-12-15 15:32:25.507 [info] ExtensionService#_doActivateExtension vscode.tunnel-forwarding, startup: false, activationEvent: 'onTunnel'
