[0.000000] (-) TimerEvent: {}
[0.000327] (manipulator3) JobQueued: {'identifier': 'manipulator3', 'dependencies': OrderedDict()}
[0.000464] (manipulator3) JobStarted: {'identifier': 'manipulator3'}
[0.008316] (manipulator3) JobProgress: {'identifier': 'manipulator3', 'progress': 'cmake'}
[0.008807] (manipulator3) JobProgress: {'identifier': 'manipulator3', 'progress': 'build'}
[0.009384] (manipulator3) Command: {'cmd': ['/usr/bin/cmake', '--build', '/home/ros2_ws/src/manipulator3/build/manipulator3', '--', '-j8', '-l8'], 'cwd': '/home/ros2_ws/src/manipulator3/build/manipulator3', 'env': OrderedDict([('HOSTNAME', 'gabriel-550XDA'), ('GIT_ASKPASS', '/home/ros2_ws/.vscode-server/bin/65edc4939843c90c34d61f4ce11704f09d3e5cb6/extensions/git/dist/askpass.sh'), ('SHLVL', '2'), ('LD_LIBRARY_PATH', '/usr/lib/x86_64-linux-gnu/gazebo-11/plugins:/opt/ros/humble/opt/rviz_ogre_vendor/lib:/opt/ros/humble/lib/x86_64-linux-gnu:/opt/ros/humble/lib'), ('BROWSER', '/home/ros2_ws/.vscode-server/bin/65edc4939843c90c34d61f4ce11704f09d3e5cb6/bin/helpers/browser.sh'), ('HOME', '/home/ros2_ws'), ('OLDPWD', '/home/ros2_ws'), ('TERM_PROGRAM_VERSION', '1.95.1'), ('VSCODE_IPC_HOOK_CLI', '/tmp/runtime-ros2_ws/vscode-ipc-43eb1904-2971-455b-b30d-8f42e3eebc49.sock'), ('ROS_PYTHON_VERSION', '3'), ('VSCODE_GIT_ASKPASS_MAIN', '/home/ros2_ws/.vscode-server/bin/65edc4939843c90c34d61f4ce11704f09d3e5cb6/extensions/git/dist/askpass-main.js'), ('VSCODE_GIT_ASKPASS_NODE', '/home/ros2_ws/.vscode-server/bin/65edc4939843c90c34d61f4ce11704f09d3e5cb6/node'), ('COLORTERM', 'truecolor'), ('REMOTE_CONTAINERS', 'true'), ('COLCON_PREFIX_PATH', '/home/ros2_ws/src/manipulator3/install'), ('ROS_DISTRO', 'humble'), ('REMOTE_CONTAINERS_IPC', '/tmp/vscode-remote-containers-ipc-ead51253-f581-4b3c-a58a-40fcb3f0920e.sock'), ('_', '/usr/bin/colcon'), ('ROS_VERSION', '2'), ('TERM', 'xterm-256color'), ('ROS_LOCALHOST_ONLY', '0'), ('QT_X11_NO_MITSHM', '1'), ('PATH', '/opt/ros/humble/bin:/home/ros2_ws/.vscode-server/bin/65edc4939843c90c34d61f4ce11704f09d3e5cb6/bin/remote-cli:/usr/local/sbin:/usr/local/bin:/usr/sbin:/usr/bin:/sbin:/bin'), ('XDG_RUNTIME_DIR', '/tmp/runtime-ros2_ws'), ('REMOTE_CONTAINERS_SOCKETS', '["/tmp/vscode-ssh-auth-ead51253-f581-4b3c-a58a-40fcb3f0920e.sock","/home/ros2_ws/.gnupg/S.gpg-agent"]'), ('DISPLAY', ':0'), ('LANG', 'C.UTF-8'), ('VSCODE_GIT_IPC_HANDLE', '/tmp/runtime-ros2_ws/vscode-git-ef65eb2e77.sock'), ('TERM_PROGRAM', 'vscode'), ('SSH_AUTH_SOCK', '/tmp/vscode-ssh-auth-ead51253-f581-4b3c-a58a-40fcb3f0920e.sock'), ('AMENT_PREFIX_PATH', '/home/ros2_ws/src/manipulator3/install/manipulator3:/opt/ros/humble'), ('SHELL', '/bin/bash'), ('VSCODE_GIT_ASKPASS_EXTRA_ARGS', ''), ('PWD', '/home/ros2_ws/src/manipulator3/build/manipulator3'), ('LC_ALL', 'C.UTF-8'), ('GAZEBO_PLUGIN_PATH', '/usr/lib/x86_64-linux-gnu/gazebo-11/plugins:'), ('PYTHONPATH', '/opt/ros/humble/lib/python3.10/site-packages:/opt/ros/humble/local/lib/python3.10/dist-packages'), ('TZ', 'America/Sao_Paulo'), ('COLCON', '1'), ('CMAKE_PREFIX_PATH', '/home/ros2_ws/src/manipulator3/install/manipulator3:/opt/ros/humble')]), 'shell': False}
[0.048085] (manipulator3) CommandEnded: {'returncode': 0}
[0.064948] (manipulator3) JobProgress: {'identifier': 'manipulator3', 'progress': 'install'}
[0.070871] (manipulator3) Command: {'cmd': ['/usr/bin/cmake', '--install', '/home/ros2_ws/src/manipulator3/build/manipulator3'], 'cwd': '/home/ros2_ws/src/manipulator3/build/manipulator3', 'env': OrderedDict([('HOSTNAME', 'gabriel-550XDA'), ('GIT_ASKPASS', '/home/ros2_ws/.vscode-server/bin/65edc4939843c90c34d61f4ce11704f09d3e5cb6/extensions/git/dist/askpass.sh'), ('SHLVL', '2'), ('LD_LIBRARY_PATH', '/usr/lib/x86_64-linux-gnu/gazebo-11/plugins:/opt/ros/humble/opt/rviz_ogre_vendor/lib:/opt/ros/humble/lib/x86_64-linux-gnu:/opt/ros/humble/lib'), ('BROWSER', '/home/ros2_ws/.vscode-server/bin/65edc4939843c90c34d61f4ce11704f09d3e5cb6/bin/helpers/browser.sh'), ('HOME', '/home/ros2_ws'), ('OLDPWD', '/home/ros2_ws'), ('TERM_PROGRAM_VERSION', '1.95.1'), ('VSCODE_IPC_HOOK_CLI', '/tmp/runtime-ros2_ws/vscode-ipc-43eb1904-2971-455b-b30d-8f42e3eebc49.sock'), ('ROS_PYTHON_VERSION', '3'), ('VSCODE_GIT_ASKPASS_MAIN', '/home/ros2_ws/.vscode-server/bin/65edc4939843c90c34d61f4ce11704f09d3e5cb6/extensions/git/dist/askpass-main.js'), ('VSCODE_GIT_ASKPASS_NODE', '/home/ros2_ws/.vscode-server/bin/65edc4939843c90c34d61f4ce11704f09d3e5cb6/node'), ('COLORTERM', 'truecolor'), ('REMOTE_CONTAINERS', 'true'), ('COLCON_PREFIX_PATH', '/home/ros2_ws/src/manipulator3/install'), ('ROS_DISTRO', 'humble'), ('REMOTE_CONTAINERS_IPC', '/tmp/vscode-remote-containers-ipc-ead51253-f581-4b3c-a58a-40fcb3f0920e.sock'), ('_', '/usr/bin/colcon'), ('ROS_VERSION', '2'), ('TERM', 'xterm-256color'), ('ROS_LOCALHOST_ONLY', '0'), ('QT_X11_NO_MITSHM', '1'), ('PATH', '/opt/ros/humble/bin:/home/ros2_ws/.vscode-server/bin/65edc4939843c90c34d61f4ce11704f09d3e5cb6/bin/remote-cli:/usr/local/sbin:/usr/local/bin:/usr/sbin:/usr/bin:/sbin:/bin'), ('XDG_RUNTIME_DIR', '/tmp/runtime-ros2_ws'), ('REMOTE_CONTAINERS_SOCKETS', '["/tmp/vscode-ssh-auth-ead51253-f581-4b3c-a58a-40fcb3f0920e.sock","/home/ros2_ws/.gnupg/S.gpg-agent"]'), ('DISPLAY', ':0'), ('LANG', 'C.UTF-8'), ('VSCODE_GIT_IPC_HANDLE', '/tmp/runtime-ros2_ws/vscode-git-ef65eb2e77.sock'), ('TERM_PROGRAM', 'vscode'), ('SSH_AUTH_SOCK', '/tmp/vscode-ssh-auth-ead51253-f581-4b3c-a58a-40fcb3f0920e.sock'), ('AMENT_PREFIX_PATH', '/home/ros2_ws/src/manipulator3/install/manipulator3:/opt/ros/humble'), ('SHELL', '/bin/bash'), ('VSCODE_GIT_ASKPASS_EXTRA_ARGS', ''), ('PWD', '/home/ros2_ws/src/manipulator3/build/manipulator3'), ('LC_ALL', 'C.UTF-8'), ('GAZEBO_PLUGIN_PATH', '/usr/lib/x86_64-linux-gnu/gazebo-11/plugins:'), ('PYTHONPATH', '/opt/ros/humble/lib/python3.10/site-packages:/opt/ros/humble/local/lib/python3.10/dist-packages'), ('TZ', 'America/Sao_Paulo'), ('COLCON', '1'), ('CMAKE_PREFIX_PATH', '/home/ros2_ws/src/manipulator3/install/manipulator3:/opt/ros/humble')]), 'shell': False}
[0.076217] (manipulator3) StdoutLine: {'line': b'-- Install configuration: ""\n'}
[0.076384] (manipulator3) StdoutLine: {'line': b'-- Up-to-date: /home/ros2_ws/src/manipulator3/install/manipulator3/share/manipulator3/launch\n'}
[0.076465] (manipulator3) StdoutLine: {'line': b'-- Installing: /home/ros2_ws/src/manipulator3/install/manipulator3/share/manipulator3/launch/gazebo.launch.py\n'}
[0.076571] (manipulator3) StdoutLine: {'line': b'-- Up-to-date: /home/ros2_ws/src/manipulator3/install/manipulator3/share/manipulator3/launch/display.py\n'}
[0.076665] (manipulator3) StdoutLine: {'line': b'-- Up-to-date: /home/ros2_ws/src/manipulator3/install/manipulator3/share/manipulator3/urdf\n'}
[0.076792] (manipulator3) StdoutLine: {'line': b'-- Up-to-date: /home/ros2_ws/src/manipulator3/install/manipulator3/share/manipulator3/urdf/cores.xacro\n'}
[0.076866] (manipulator3) StdoutLine: {'line': b'-- Up-to-date: /home/ros2_ws/src/manipulator3/install/manipulator3/share/manipulator3/urdf/manipulator3.urdf.xacro\n'}
[0.076939] (manipulator3) StdoutLine: {'line': b'-- Installing: /home/ros2_ws/src/manipulator3/install/manipulator3/share/manipulator3/urdf/manipulator3_gazebo.xacro\n'}
[0.077008] (manipulator3) StdoutLine: {'line': b'-- Up-to-date: /home/ros2_ws/src/manipulator3/install/manipulator3/share/manipulator3/config\n'}
[0.077077] (manipulator3) StdoutLine: {'line': b'-- Up-to-date: /home/ros2_ws/src/manipulator3/install/manipulator3/share/manipulator3/meshes\n'}
[0.077145] (manipulator3) StdoutLine: {'line': b'-- Up-to-date: /home/ros2_ws/src/manipulator3/install/manipulator3/share/manipulator3/meshes/vertical2.stl\n'}
[0.077214] (manipulator3) StdoutLine: {'line': b'-- Up-to-date: /home/ros2_ws/src/manipulator3/install/manipulator3/share/manipulator3/meshes/endeffec.stl\n'}
[0.077282] (manipulator3) StdoutLine: {'line': b'-- Up-to-date: /home/ros2_ws/src/manipulator3/install/manipulator3/share/manipulator3/meshes/redonda.stl\n'}
[0.077381] (manipulator3) StdoutLine: {'line': b'-- Up-to-date: /home/ros2_ws/src/manipulator3/install/manipulator3/share/manipulator3/meshes/vertical1.stl\n'}
[0.077529] (manipulator3) StdoutLine: {'line': b'-- Up-to-date: /home/ros2_ws/src/manipulator3/install/manipulator3/share/manipulator3/meshes/horizontal1.stl\n'}
[0.077608] (manipulator3) StdoutLine: {'line': b'-- Up-to-date: /home/ros2_ws/src/manipulator3/install/manipulator3/share/manipulator3/meshes/horizontal2.stl\n'}
[0.077668] (manipulator3) StdoutLine: {'line': b'-- Up-to-date: /home/ros2_ws/src/manipulator3/install/manipulator3/share/manipulator3/rviz2\n'}
[0.077727] (manipulator3) StdoutLine: {'line': b'-- Up-to-date: /home/ros2_ws/src/manipulator3/install/manipulator3/share/manipulator3/rviz2/display.rviz\n'}
[0.077786] (manipulator3) StdoutLine: {'line': b'-- Up-to-date: /home/ros2_ws/src/manipulator3/install/manipulator3/share/ament_index/resource_index/package_run_dependencies/manipulator3\n'}
[0.077846] (manipulator3) StdoutLine: {'line': b'-- Up-to-date: /home/ros2_ws/src/manipulator3/install/manipulator3/share/ament_index/resource_index/parent_prefix_path/manipulator3\n'}
[0.077904] (manipulator3) StdoutLine: {'line': b'-- Up-to-date: /home/ros2_ws/src/manipulator3/install/manipulator3/share/manipulator3/environment/ament_prefix_path.sh\n'}
[0.077961] (manipulator3) StdoutLine: {'line': b'-- Up-to-date: /home/ros2_ws/src/manipulator3/install/manipulator3/share/manipulator3/environment/ament_prefix_path.dsv\n'}
[0.078022] (manipulator3) StdoutLine: {'line': b'-- Up-to-date: /home/ros2_ws/src/manipulator3/install/manipulator3/share/manipulator3/environment/path.sh\n'}
[0.078080] (manipulator3) StdoutLine: {'line': b'-- Up-to-date: /home/ros2_ws/src/manipulator3/install/manipulator3/share/manipulator3/environment/path.dsv\n'}
[0.078138] (manipulator3) StdoutLine: {'line': b'-- Up-to-date: /home/ros2_ws/src/manipulator3/install/manipulator3/share/manipulator3/local_setup.bash\n'}
[0.078195] (manipulator3) StdoutLine: {'line': b'-- Up-to-date: /home/ros2_ws/src/manipulator3/install/manipulator3/share/manipulator3/local_setup.sh\n'}
[0.078251] (manipulator3) StdoutLine: {'line': b'-- Up-to-date: /home/ros2_ws/src/manipulator3/install/manipulator3/share/manipulator3/local_setup.zsh\n'}
[0.078308] (manipulator3) StdoutLine: {'line': b'-- Up-to-date: /home/ros2_ws/src/manipulator3/install/manipulator3/share/manipulator3/local_setup.dsv\n'}
[0.078364] (manipulator3) StdoutLine: {'line': b'-- Installing: /home/ros2_ws/src/manipulator3/install/manipulator3/share/manipulator3/package.dsv\n'}
[0.078422] (manipulator3) StdoutLine: {'line': b'-- Up-to-date: /home/ros2_ws/src/manipulator3/install/manipulator3/share/ament_index/resource_index/packages/manipulator3\n'}
[0.078479] (manipulator3) StdoutLine: {'line': b'-- Up-to-date: /home/ros2_ws/src/manipulator3/install/manipulator3/share/manipulator3/cmake/manipulator3Config.cmake\n'}
[0.078544] (manipulator3) StdoutLine: {'line': b'-- Up-to-date: /home/ros2_ws/src/manipulator3/install/manipulator3/share/manipulator3/cmake/manipulator3Config-version.cmake\n'}
[0.078602] (manipulator3) StdoutLine: {'line': b'-- Up-to-date: /home/ros2_ws/src/manipulator3/install/manipulator3/share/manipulator3/package.xml\n'}
[0.079197] (manipulator3) CommandEnded: {'returncode': 0}
[0.099555] (-) TimerEvent: {}
[0.111467] (manipulator3) JobEnded: {'identifier': 'manipulator3', 'rc': 0}
[0.112538] (-) EventReactorShutdown: {}
