2024-12-15 01:32:25.962 [info] [principal] Nível de log: Info
2024-12-15 01:32:25.962 [info] [principal] Validando o git encontrado em: "git"
2024-12-15 01:32:25.962 [info] [principal] Usando git "2.34.1" de "git"
2024-12-15 01:32:25.962 [info] [Model][doInitialScan] Initial repository scan started
2024-12-15 01:32:25.962 [info] > git rev-parse --show-toplevel [2ms]
2024-12-15 01:32:25.962 [info] fatal: not a git repository (or any parent up to mount point /home)
Stopping at filesystem boundary (GIT_DISCOVERY_ACROSS_FILESYSTEM not set).
2024-12-15 01:32:25.966 [info] > git rev-parse --show-toplevel [0ms]
2024-12-15 01:32:25.966 [info] fatal: not a git repository (or any parent up to mount point /home)
Stopping at filesystem boundary (GIT_DISCOVERY_ACROSS_FILESYSTEM not set).
2024-12-15 01:32:25.970 [info] > git rev-parse --show-toplevel [0ms]
2024-12-15 01:32:25.971 [info] fatal: not a git repository (or any parent up to mount point /home)
Stopping at filesystem boundary (GIT_DISCOVERY_ACROSS_FILESYSTEM not set).
2024-12-15 01:32:25.973 [info] > git rev-parse --show-toplevel [1ms]
2024-12-15 01:32:25.973 [info] fatal: not a git repository (or any parent up to mount point /home)
Stopping at filesystem boundary (GIT_DISCOVERY_ACROSS_FILESYSTEM not set).
2024-12-15 01:32:25.975 [info] > git rev-parse --show-toplevel [0ms]
2024-12-15 01:32:25.976 [info] fatal: not a git repository (or any parent up to mount point /home)
Stopping at filesystem boundary (GIT_DISCOVERY_ACROSS_FILESYSTEM not set).
2024-12-15 01:32:25.979 [info] > git rev-parse --show-toplevel [1ms]
2024-12-15 01:32:25.979 [info] fatal: not a git repository (or any parent up to mount point /home)
Stopping at filesystem boundary (GIT_DISCOVERY_ACROSS_FILESYSTEM not set).
2024-12-15 01:32:25.982 [info] > git rev-parse --show-toplevel [1ms]
2024-12-15 01:32:25.982 [info] fatal: not a git repository (or any parent up to mount point /home)
Stopping at filesystem boundary (GIT_DISCOVERY_ACROSS_FILESYSTEM not set).
2024-12-15 01:32:25.985 [info] > git rev-parse --show-toplevel [1ms]
2024-12-15 01:32:25.985 [info] fatal: not a git repository (or any parent up to mount point /home)
Stopping at filesystem boundary (GIT_DISCOVERY_ACROSS_FILESYSTEM not set).
2024-12-15 01:32:25.987 [info] > git rev-parse --show-toplevel [0ms]
2024-12-15 01:32:25.987 [info] fatal: not a git repository (or any parent up to mount point /home)
Stopping at filesystem boundary (GIT_DISCOVERY_ACROSS_FILESYSTEM not set).
2024-12-15 01:32:25.994 [info] > git rev-parse --show-toplevel [4ms]
2024-12-15 01:32:25.994 [info] fatal: not a git repository (or any parent up to mount point /home)
Stopping at filesystem boundary (GIT_DISCOVERY_ACROSS_FILESYSTEM not set).
2024-12-15 01:32:25.998 [info] > git rev-parse --show-toplevel [2ms]
2024-12-15 01:32:25.998 [info] fatal: not a git repository (or any parent up to mount point /home)
Stopping at filesystem boundary (GIT_DISCOVERY_ACROSS_FILESYSTEM not set).
2024-12-15 01:32:26.001 [info] > git rev-parse --show-toplevel [1ms]
2024-12-15 01:32:26.001 [info] fatal: not a git repository (or any parent up to mount point /home)
Stopping at filesystem boundary (GIT_DISCOVERY_ACROSS_FILESYSTEM not set).
2024-12-15 01:32:26.004 [info] > git rev-parse --show-toplevel [1ms]
2024-12-15 01:32:26.004 [info] fatal: not a git repository (or any parent up to mount point /home)
Stopping at filesystem boundary (GIT_DISCOVERY_ACROSS_FILESYSTEM not set).
2024-12-15 01:32:26.006 [info] > git rev-parse --show-toplevel [0ms]
2024-12-15 01:32:26.006 [info] fatal: not a git repository (or any parent up to mount point /home)
Stopping at filesystem boundary (GIT_DISCOVERY_ACROSS_FILESYSTEM not set).
2024-12-15 01:32:26.009 [info] > git rev-parse --show-toplevel [1ms]
2024-12-15 01:32:26.009 [info] fatal: not a git repository (or any parent up to mount point /home)
Stopping at filesystem boundary (GIT_DISCOVERY_ACROSS_FILESYSTEM not set).
2024-12-15 01:32:26.011 [info] [Model][doInitialScan] Initial repository scan completed - repositories (0), closed repositories (0), parent repositories (0), unsafe repositories (0)
2024-12-15 01:32:30.231 [info] > git rev-parse --show-toplevel [8ms]
2024-12-15 01:32:30.231 [info] fatal: not a git repository (or any parent up to mount point /home)
Stopping at filesystem boundary (GIT_DISCOVERY_ACROSS_FILESYSTEM not set).
2024-12-15 01:32:30.311 [info] > git rev-parse --show-toplevel [1ms]
2024-12-15 01:32:30.311 [info] fatal: not a git repository (or any parent up to mount point /home)
Stopping at filesystem boundary (GIT_DISCOVERY_ACROSS_FILESYSTEM not set).
2024-12-15 01:32:38.129 [info] > git rev-parse --show-toplevel [0ms]
2024-12-15 01:32:38.129 [info] fatal: not a git repository (or any parent up to mount point /home)
Stopping at filesystem boundary (GIT_DISCOVERY_ACROSS_FILESYSTEM not set).
